Start testing: Oct 10 12:12 CST
----------------------------------------------------------
1/47 Testing: aes_wrap
1/47 Test: aes_wrap
Command: "/home/lancelot/git/nginx/third-lib/libressl-2.3.1/build/tests/aes_wrap"
Directory: /home/lancelot/git/nginx/third-lib/libressl-2.3.1/build/tests
"aes_wrap" start time: Oct 10 12:12 CST
Output:
----------------------------------------------------------
Key test result 1
Key test result 1
Key test result 1
Key test result 1
Key test result 1
Key test result 1
<end of output>
Test time =   0.01 sec
----------------------------------------------------------
Test Passed.
"aes_wrap" end time: Oct 10 12:12 CST
"aes_wrap" time elapsed: 00:00:00
----------------------------------------------------------

2/47 Testing: arc4randomforktest
2/47 Test: arc4randomforktest
Command: "/home/lancelot/git/nginx/third-lib/libressl-2.3.1/tests/arc4randomforktest.sh"
Directory: /home/lancelot/git/nginx/third-lib/libressl-2.3.1/build/tests
"arc4randomforktest" start time: Oct 10 12:12 CST
Output:
----------------------------------------------------------
<end of output>
Test time =   0.03 sec
----------------------------------------------------------
Test Passed.
"arc4randomforktest" end time: Oct 10 12:12 CST
"arc4randomforktest" time elapsed: 00:00:00
----------------------------------------------------------

3/47 Testing: asn1test
3/47 Test: asn1test
Command: "/home/lancelot/git/nginx/third-lib/libressl-2.3.1/build/tests/asn1test"
Directory: /home/lancelot/git/nginx/third-lib/libressl-2.3.1/build/tests
"asn1test" start time: Oct 10 12:12 CST
Output:
----------------------------------------------------------
<end of output>
Test time =   0.01 sec
----------------------------------------------------------
Test Passed.
"asn1test" end time: Oct 10 12:12 CST
"asn1test" time elapsed: 00:00:00
----------------------------------------------------------

4/47 Testing: asn1time
4/47 Test: asn1time
Command: "/home/lancelot/git/nginx/third-lib/libressl-2.3.1/build/tests/asn1time"
Directory: /home/lancelot/git/nginx/third-lib/libressl-2.3.1/build/tests
"asn1time" start time: Oct 10 12:12 CST
Output:
----------------------------------------------------------
Invalid time tests...
GENERALIZEDTIME tests...
UTCTIME tests...
TIME tests...
<end of output>
Test time =   0.00 sec
----------------------------------------------------------
Test Passed.
"asn1time" end time: Oct 10 12:12 CST
"asn1time" time elapsed: 00:00:00
----------------------------------------------------------

5/47 Testing: base64test
5/47 Test: base64test
Command: "/home/lancelot/git/nginx/third-lib/libressl-2.3.1/build/tests/base64test"
Directory: /home/lancelot/git/nginx/third-lib/libressl-2.3.1/build/tests
"base64test" start time: Oct 10 12:12 CST
Output:
----------------------------------------------------------
Starting combined tests...
Starting NL tests...
Starting NO NL tests...
<end of output>
Test time =   0.00 sec
----------------------------------------------------------
Test Passed.
"base64test" end time: Oct 10 12:12 CST
"base64test" time elapsed: 00:00:00
----------------------------------------------------------

6/47 Testing: bftest
6/47 Test: bftest
Command: "/home/lancelot/git/nginx/third-lib/libressl-2.3.1/build/tests/bftest"
Directory: /home/lancelot/git/nginx/third-lib/libressl-2.3.1/build/tests
"bftest" start time: Oct 10 12:12 CST
Output:
----------------------------------------------------------
testing blowfish in raw ecb mode
testing blowfish in ecb mode
testing blowfish set_key
testing blowfish in cbc mode
testing blowfish in cfb64 mode
testing blowfish in ofb64
<end of output>
Test time =   0.01 sec
----------------------------------------------------------
Test Passed.
"bftest" end time: Oct 10 12:12 CST
"bftest" time elapsed: 00:00:00
----------------------------------------------------------

7/47 Testing: bntest
7/47 Test: bntest
Command: "/home/lancelot/git/nginx/third-lib/libressl-2.3.1/build/tests/bntest"
Directory: /home/lancelot/git/nginx/third-lib/libressl-2.3.1/build/tests
"bntest" start time: Oct 10 12:12 CST
Output:
----------------------------------------------------------
test BN_add
obase=16
ibase=16
print "test BN_add\n"
D5D5D5D500007D7D7D0000FFFF988000CF00646464FFCD000000FFD8D8000000FFFFFFFF29FBFFFFFFFFFFFFFF05FFFF0000FFFF00000000FFFF00F2F27DC3FF + 200EFEFFFFFFF383800E82B00000000001818E300FFFFC8C80000FFFFFF002F2F00FFFFFF00000592FFFFFFFFFF003A9CF900000000FFB1B1 - D5D5D5D500007D7F7DEFF0FFFF97B838CFE88F6464FFCD001819E2D9D7FFC8C90000FFFF28FC2F2F00FFFFFEFF0605920000FFFEFF003A9DF8FF00F2F37D75B0
D5D5D5D500007D7D7D0000FFFF988000CF00646464FFCD000000FFD8D8000000FFFFFFFF29FBFFFFFFFFFFFFFF05FFFF0000FFFF00000000FFFF00F2F27DC3FF + -400D6D6000000FF0000FFFFFFFFFFFFFF5252520000000000000064640000FFFF0000000000003B0000FF74E7000000F5F5F5CFCFCFCFFFFF - D5D5D5D500007D797C292AFFFF978100CE00646464FFCD00ADAEADD8D8000000FFFF9B9B29FB0000FFFFFFFFFF05C4FEFF018B17FFFFFF0B0A09312322ADC400
-D5D5D5D500007D7D7D0000FFFF988000CF00646464FFCD000000FFD8D8000000FFFFFFFF29FBFFFFFFFFFFFFFF05FFFF0000FFFF00000000FFFF00F2F27DC3FF + C0C0000471BFFC4C4C4C40085003E00FF0000000000000000000000FF4FCEFF00BBBBBB000000DADA00FFFFFF0000CCCCCCCC00FF60606060 - -D5D5D5D500007D71710000B8E398BB3C0A3C63DF64C1CC010000FFD8D8000000FFFFFEFFDA2D00FF444444FFFF052524FF00FFFFFFFF33343332FFF3921D639F
-D5D5D5D500007D7D7D0000FFFF988000CF00646464FFCD000000FFD8D8000000FFFFFFFF29FBFFFFFFFFFFFFFF05FFFF0000FFFF00000000FFFF00F2F27DC3FF + -1666666666FFFFFF00000000ADFFFFFA21210000005C5C5C5C5C5C5CFFFF0000FF0000FFFFFF00000000001515151515151500FBFB0000FFFF - -D5D5D5D500007D93E3666766FF987F00CF00651264FFC7212100FFD9345C5C5D5C5C5CFF28FC00FF0000FFFFFE05FFFF000115141515151614FFFCEDF27EC3FE
D5D5D5D500007D7D7D0000FFFF988000CF00646464FFCD000000FFD8D8000000FFFFFFFF29FBFFFFFFFFFFFFFF05FFFF0000FFFF00000000FFFF00F2F27DC3FF + 24E4E4000000FFFFFFFF0000FFFF00191900FFFFFFFF5DFF63636363630029FFFF00F9F9F90000000000DADADA00FFFF1E2FFFFF0000000000 - D5D5D5D500007DA261E4010000988000CE00656463FFE6190100FFD8D75DFF64636363622A25FFFF00F9F9F8FF05FFFF00DBDAD900FFFF1F2FFEFFF2F27DC3FF
D5D5D5D500007D7D7D0000FFFF988000CF00646464FFCD000000FFD8D8000000FFFFFFFF29FBFFFFFFFFFFFFFF05FFFF0000FFFF00000000FFFF00F2F27DC3FF + -4000CBCB00000000000000000000FFFFFFFFFFFFABAB8E2E2EFFFFFFFF5CFFFF0000002C2C0000000000FFFFFFFFFFFFFFFF000096F9FF4200 - D5D5D5D500007D3D7C3435FFFF988000CF00646463FFCD000001002D2C71D1D1FFFFFFFFCCFC00FFFFFFD3D3FF05FFFEFF00FFFF0000000100FF005BF87E81FF
-D5D5D5D500007D7D7D0000FFFF988000CF00646464FFCD000000FFD8D8000000FFFFFFFF29FBFFFFFFFFFFFFFF05FFFF0000FFFF00000000FFFF00F2F27DC3FF + B3B3B3B300000000001111110000FFFFFFE6E6E6E6E6E60000FFFFCDFF170C0C0C0C0C0C00000079FFFFFFFFFFFF7FE0E0DA5C5CFFFF00FFFF - -D5D5D5D500007CC9C94C4DFFFF988000BDEF536463FFCD00191A18F1F11A00000000320012EFF3F3F3F3F3FFFF0585FF0000FFFF00801F2025A2A3F2F37CC400
-D5D5D5D500007D7D7D0000FFFF988000CF00646464FFCD000000FFD8D8000000FFFFFFFF29FBFFFFFFFFFFFFFF05FFFF0000FFFF00000000FFFF00F2F27DC3FF + -1000000FFFFFFFF0037FFFF8700FFFFFFFFFFFFFF9292B30000E4020000FFFF88000000000000FFFFFF000000BBBBF8F3F3F3FFFFFFFF4C4C4C - -D5D5D5D500007E7D7D0100FFFF978038CEFFEB6564FFCD000000FF6B6AB30001E402000029FB8800000000000005FFFE000100BABBF8F3F4F3FF00F2F1CA104B
D5D5D5D500007D7D7D0000FFFF988000CF00646464FFCD000000FFD8D8000000FFFFFFFF29FBFFFFFFFFFFFFFF05FFFF0000FFFF00000000FFFF00F2F27DC3FF + 3FF565656002323232300393900003C3C3C3C3C3C3C3CA0FFFFFFFFFF6969FFFFFFFFFF0000FFFF27272727272727FFFFFFFF00FFFFFFFFFFFF - D5D5D5D50000817CD356570022BBA323CF399D64653C093C3C3D3C1514A10000FFFFFF6893FBFFFFFFFF0000FF0527262728272628000000FF0000F2F27DC3FE
D5D5D5D500007D7D7D0000FFFF988000CF00646464FFCD000000FFD8D8000000FFFFFFFF29FBFFFFFFFFFFFFFF05FFFF0000FFFF00000000FFFF00F2F27DC3FF + -7000000000000FFFFFF37F3F372000000004444440000259BFFFF0000FFD7D7D7FFFF00FFFFFFFFFFFF00000000FFFF4A4A8C8CFFFFFF936969 - D5D5D5D50000767D7D0000FFFE988001970C70F264FFCCFFBBBCBBD8D7DA640100FFFEFF5224280000FEFFFFFF0600000000FFFE0000B5B6737200F2F2EA5A96
-D5D5D5D500007D7D7D0000FFFF988000CF00646464FFCD000000FFD8D8000000FFFFFFFF29FBFFFFFFFFFFFFFF05FFFF0000FFFF00000000FFFF00F2F27DC3FF + 80000FF0002BCBCBCBC000000FF97FF00000069696900000007ABABABFF00FFFFFF003434FFFF000000000000000000FF00FF39390000000000 - -D5D5D5D50000757D7C0100FD42DBC344CF006364CD00CCFFFF97966FD7FFFFF95454540028FC0000FFCBCB000005FFFF0000FFFEFFFF010000C5C7F2F27DC3FF
-D5D5D5D500007D7D7D0000FFFF988000CF00646464FFCD000000FFD8D8000000FFFFFFFF29FBFFFFFFFFFFFFFF05FFFF0000FFFF00000000FFFF00F2F27DC3FF + -18FFFF0022464646FFFFFFFFFF00C4FFFF000000000000FFFFFFFFFFFF7F00000042FFFFFF5AFF00FFFFFFFFFFFF000000FF595956000000FF34 - -D5D5D5D50000967D7C00234645DF8000CF00636529FFCC000000FFD8D9000000FFFFFF7E29FC0042FFFFFF5AFE06FFFF0000FFFE00000100595856F2F27EC333
D5D5D5D500007D7D7D0000FFFF988000CF00646464FFCD000000FFD8D8000000FFFFFFFF29FBFFFFFFFFFFFFFF05FFFF0000FFFF00000000FFFF00F2F27DC3FF + 2B8BFF7E7E7E7E4747D9D9D900FF0000000000000000FF002C000000FF860000C2000000000000575757FFFFFFFFFFFFFFFFFFFFFFFFFFFFFF00 - D5D5D5D50000A9097C7E7F7E7DDFC7DAA8D9656364FFCD000000FFD9D7002C010000FF8529FCC1FFFFFFFFFFFF5D57570000FFFF00000000FFFF00F2F27DC2FF
D5D5D5D500007D7D7D0000FFFF988000CF00646464FFCD000000FFD8D8000000FFFFFFFF29FBFFFFFFFFFFFFFF05FFFF0000FFFF00000000FFFF00F2F27DC3FF + -6C6C000089FFFFFFFFFFFFFFFFFFFFFFFFFFFFFFFFFF020220009999FF008A0051517400050000B7FF696969FFFFFF0D000000000000FFDD0000 - D5D5D5D5000011117CFF76FFFF988000CF00646464FFCD000000FFD9D5FDE000666600FE9FFBAEAE8BFFFAFFFE4E00959696FFFF00F30000FFFF00F1F2A0C3FF
-D5D5D5D500007D7D7D0000FFFF988000CF00646464FFCD000000FFD8D8000000FFFFFFFF29FBFFFFFFFFFFFFFF05FFFF0000FFFF00000000FFFF00F2F27DC3FF + 8C2B5849FFFFD3FF00000101FFFFFF000000008A8A8A8A20000000EFB40000DEDEDEDEDE384B4B4B4B00000B0000000000FFFFFFFFFFFFFFFFFF - -D5D5D5D4FFFFF15224B601002B998000CDFE646465FFCCFFFF76754E4DE00000FF104BFF291D21212121C7B4B3BAB4FEFFF5FFFEFFFFFF00FFFF00F2F27DC400
-D5D5D5D500007D7D7D0000FFFF988000CF00646464FFCD000000FFD8D8000000FFFFFFFF29FBFFFFFFFFFFFFFF05FFFF0000FFFF00000000FFFF00F2F27DC3FF + -1FFFFFFFFFF0000000000FF00000000000000F3000000FFFF0000F10000FFFFFFBF00002F2FFFFF00FF4141FF9393000000FFFFFFFF4600000000 - -D5D5D5D500027D7D7CFFFFFFFF988001CE00646464FFCD00F300FFD9D7FF0001F10000FF29FBBF00002F2FFFFE06FF404200939200000100FFFF0038F27DC3FF
D5D5D5D500007D7D7D0000FFFF988000CF00646464FFCD000000FFD8D8000000FFFFFFFF29FBFFFFFFFFFFFFFF05FFFF0000FFFF00000000FFFF00F2F27DC3FF + 2C70000FFFF00F3F3000000DADA2A2AFFC3A5FFFFFF0000FFFFFFFF000000FFFF00F9F9F99090FF00CD00FF21210000FFFFFFFF1818FF0000FFFF - D5D5D5D50003447D7E000000F38B8000CFDB3E8E8FFF90A60000FED8D9000000FF00000029FB00F9F9F99090FE06CCFFFF2220FF01000000FF1719F1F27EC3FE
D5D5D5D500007D7D7D0000FFFF988000CF00646464FFCD000000FFD8D8000000FFFFFFFF29FBFFFFFFFFFFFFFF05FFFF0000FFFF00000000FFFF00F2F27DC3FF + -6000000FFFFF9FFFFFFBCFFFD000000000000000000FF002727D000000000FFFFFFFFFFFF00000000FFFFFFFFFFFFFFFFFFFF1C1C1C1C1CFFFFFF - D5D5D5D4FFFA7D7D7C000105FF988043CF03646464FFCD000000FED9D7D8D830FFFFFFFE29FC00000000FFFFFF04FFFF0000FFFF00000001E3E2E4D6D57DC400
-D5D5D5D500007D7D7D0000FFFF988000CF00646464FFCD000000FFD8D8000000FFFFFFFF29FBFFFFFFFFFFFFFF05FFFF0000FFFF00000000FFFF00F2F27DC3FF + F2F000001BCFFFFFFFF0000FFFFFFFFFFFFFFFFFFFFF9F9FFFF90C6FFFFFFFF00A4CEFF568E8E00FFFFFFFFFF5E002626B5B52400000000000000 - -D5D5D5D4FFF14E7D7CFE43FFFF988100CE00646464FFCD000000FFDEDE00007038FFFFFF2AFB5B3100A97171FE05FFFF0001A1FED9D94A4BDBFF00F2F27DC3FF
-D5D5D5D500007D7D7D0000FFFF988000CF00646464FFCD000000FFD8D8000000FFFFFFFF29FBFFFFFFFFFFFFFF05FFFF0000FFFF00000000FFFF00F2F27DC3FF + -1C1010101026F5B0B000D6FFDE00000000FF0000EDFF0000101010EB60FFFFFFFFFFFFFFFF59000000000000FFE0E0E0E000001C1CCAFFFFFA0000 - -D5D5D5D5001C8D8D8D1027F5B04880D7CEDE64646500CC0000EEFED8D8101011EB60FFFF29FBFFFFFFFF58FFFF05FFFF0100E0DFE0E000011C1BCBF2F277C3FF
D5D5D5D500007D7D7D0000FFFF988000CF00646464FFCD000000FFD8D8000000FFFFFFFF29FBFFFFFFFFFFFFFF05FFFF0000FFFF00000000FFFF00F2F27DC3FF + 22000000008484C8FF62FFFFFFFFFFFFFFFFFF00000000FFFFFFC9000000E2E20000000000000200FF00343434FF000000A7A7000000FFFFFFFFFF - D5D5D5D500227D7D7D008584C897E300CF00646464FFCCFF0000FFD9D7FFFFCA000000E20BFC000000000002000500333435FEFF0000A7A7FFFF01F2F27DC3FE
D5D5D5D500007D7D7D0000FFFF988000CF00646464FFCD000000FFD8D8000000FFFFFFFF29FBFFFFFFFFFFFFFF05FFFF0000FFFF00000000FFFF00F2F27DC3FF + -7F00FFFF00000000FF0000FF000000000000009393930700000000000000FF00FF292929292966000000CE37D8D80CFFFFFFFFFFFFFFFFFF00FFFF - D5D5D5D4FF817C7D7E0000FFFE997FFFD000646464FFCCFF6C6D6CD1D8000000FFFFFF0028FCD6D6D6D6D699FF05FF30C82827F200000000FFFF00F2F37CC400
-D5D5D5D500007D7D7D0000FFFF988000CF00646464FFCD000000FFD8D8000000FFFFFFFF29FBFFFFFFFFFFFFFF05FFFF0000FFFF00000000FFFF00F2F27DC3FF + C04040FFFFFFFFFFFF737300000000FFFFEFEF00FFA00000000000E9E9E90099000000000000FFFFFFFFFFFFFFFFFFC38CFF0D0D1E1EFFFFFFFF00 - -D5D5D5D4FF403D3C7D0000FFFF990C8DCF00646364FFDD10FF015FD8D8000000161616FE90FBFFFFFFFFFEFFFF05FFFF0000FFFF3C7300F3F2E0E1F2F27DC4FF
-D5D5D5D500007D7D7D0000FFFF988000CF00646464FFCD000000FFD8D8000000FFFFFFFF29FBFFFFFFFFFFFFFF05FFFF0000FFFF00000000FFFF00F2F27DC3FF + -1C3C3003EE5E5E5E54F4F4FFFFFFFFFFF565656000015008787870000FFFFFFFFFFD14000FFFF000000E3FFFF76767676FFFFFF003F9F00006B00FF - -D5D5D5D501C4407DBBE5E6E5E4E7CF50CF00646464562356000114D95F87870100FFFFFF29FBD14000FFFEFFFF06E3FEFF77767577000000003E9FF2F2E8C4FE
D5D5D5D500007D7D7D0000FFFF988000CF00646464FFCD000000FFD8D8000000FFFFFFFF29FBFFFFFFFFFFFFFF05FFFF0000FFFF00000000FFFF00F2F27DC3FF + 2000000004E4E4EE6E600000011FFFFFFFFF0F0B3B3B3B3FFFFFFFF6D0046460000000000000000FFFFFFFF0000000000005500000000008600FFFF - D5D5D5D502007D7D7D4E4F4EE67E8000CF12646464FFBDF0B3B4B38CD80000006D00464529FC000000000000FF05FFFE0000FFFF00005500FFFF00F3787EC3FE
D5D5D5D500007D7D7D0000FFFF988000CF00646464FFCD000000FFD8D8000000FFFFFFFF29FBFFFFFFFFFFFFFF05FFFF0000FFFF00000000FFFF00F2F27DC3FF + -7FF7070700000FF003207073A3A3AFFFF0000FFFFD1D1D1000000BEBE000036FF0000B0B0B0B06FFFFF000000FFFF63000000C0C0C0C00799999999 - D5D5D5D4F8010D0D0D000000FF6678F994C6296465FFCC00002F2E07D7FFFF4241FFFFC82AFBFF4F4F4F4F8FFF06FFFEFF01009BFFFFFF403F3E40EB58E42A66
-D5D5D5D500007D7D7D0000FFFF988000CF00646464FFCD000000FFD8D8000000FFFFFFFF29FBFFFFFFFFFFFFFF05FFFF0000FFFF00000000FFFF00F2F27DC3FF + D3D3D15FF006977B2B2B2B2FFFF00737373FF57FFFFFFFFFFBB0000008A8AFFE1000000FF23232323FFFFFFFFFFFFFFFF8383FFFF43FEFFFFFFFFFF - -D5D5D5D4F2C340677DFF97884CE5CD4DCF0163F0F18BCDA80000FFD8D8450000FF7574FF48FBFFFF00DCDCDCDB05FFFF0000FFFF007C7C0100BB01F2F27DC400
-D5D5D5D500007D7D7D0000FFFF988000CF00646464FFCD000000FFD8D8000000FFFFFFFF29FBFFFFFFFFFFFFFF05FFFF0000FFFF00000000FFFF00F2F27DC3FF + -10007E7E7E7EFFFFBD29292929FFFF00C9002D2D2D2DFFFFFFFF008383515151FFFFFF7797FFFFFFFFFFFFFF6464A3A30000FFFF00000000000000FF - -D5D5D5D51000FBFBFB7F00FFBCC1A929F90063652DFFFA2D2D2EFFD8D7FF00848351515129FBFF7797FFFFFFFF05FFFE6465A3A20000FFFFFFFF00F2F27DC4FE
D5D5D5D500007D7D7D0000FFFF988000CF00646464FFCD000000FFD8D8000000FFFFFFFF29FBFFFFFFFFFFFFFF05FFFF0000FFFF00000000FFFF00F2F27DC3FF + 2A47FFFF43437500FFFF00FFFF29FF00BBBBBBBBA700FFFFFFFFFF000000FFFF00FFFF00EAFF000000FFFFFFFF000000001D00C0C0C0C010FFFFFF00 - D5D5D5D52A487D7CC0437600FF978100CE2A636520BB88BBA701FFD8D7FFFF010000FFFE2AFBFF00EAFF00000005FFFEFF00FFFF001D00C1C0BFC103F27DC2FF
D5D5D5D500007D7D7D0000FFFF988000CF00646464FFCD000000FFD8D8000000FFFFFFFF29FBFFFFFFFFFFFFFF05FFFF0000FFFF00000000FFFF00F2F27DC3FF + -7FBFFFFFFFFFFFFF676767FFFFA3A3414100FFFF00FFFFD64545FFFFFF242424FF18FD5700FFFF7E7E7EB1000000CE00000000EBFFCD9F9FB1B1B13E - D5D5D5D480407D7D7D00010098311800CF5CC12323FECD00FF01000292BA000100DBDBDA2AE302A8FF00008180874EFF000031FEFFFFFF150031615340CC12C1
-D5D5D5D500007D7D7D0000FFFF988000CF00646464FFCD000000FFD8D8000000FFFFFFFF29FBFFFFFFFFFFFFFF05FFFF0000FFFF00000000FFFF00F2F27DC3FF + 8000FF000000FFFFFFFFFFFFD9D9FFFFFF00FFF26DB9B9B900FF000000009B0000000000000FFFFF000000FFFFFFFFFFF8000000FFFFFFFFFF000000 - -D5D5D5D47FFF7E7D7CFF00FFFF988000F526646465FECD0D9247461FD7010000FFFF64FF29FBFFFFFFF00000FF05FEFF0000FFFF07FFFFFFFFFF00F2F37DC3FF
-D5D5D5D500007D7D7D0000FFFF988000CF00646464FFCD000000FFD8D8000000FFFFFFFF29FBFFFFFFFFFFFFFF05FFFF0000FFFF00000000FFFF00F2F27DC3FF + -1FFFFE9E9FFFFFFFFFF00FFFFFFFFFFFF63B4B4FFFF0000001A1AFFFFFFFFFF00000000FFFFFF00000000FFFFFFFFFFFFFFFFFFFFFFFF28006A6A0001 - -D5D5D5D7000067677D0000FFFE998000CF006463C8B481FFFF00FFD8F21B0000FFFFFEFF29FC00FFFFFEFFFFFF06FFFF0000FFFF00000000FFFE28F35CE7C400
D5D5D5D500007D7D7D0000FFFF988000CF00646464FFCD000000FFD8D8000000FFFFFFFF29FBFFFFFFFFFFFFFF05FFFF0000FFFF00000000FFFF00F2F27DC3FF + 32F2F0909FFFFFFFFFFFFFF5EFFFFFFFFFFFFFF18181818181818181818FFFFFF0000008181FFA6A6FFFFFFFFFFFF000000EECED600FFFFFFFF000024 - D5D5D5D82F2F86877D0000FFFF987F5FCF00646464FFCC18181917F0F018181918FFFFFE29FC008181FFA6A6FF05FFFEFFFFFFFF00EECED700FF00F2F17DC423
D5D5D5D500007D7D7D0000FFFF988000CF00646464FFCD000000FFD8D8000000FFFFFFFF29FBFFFFFFFFFFFFFF05FFFF0000FFFF00000000FFFF00F2F27DC3FF + -40000000000FFFFFFFFFFFFFFFFFFFF0000000000FFFFFF0000000000007A7A00005A5A5A5AFFFFFFFF8888889D000000FFFF0000000000FFFF656565 - D5D5D5D100007D7D7C0000FFFF988000CF00656464FFCCFF000100D8D8000000FF8585FF29A1A5A5A4FFFFFFFF7D77766300FFFE00010000FFFEFFF2F3185E9A
-D5D5D5D500007D7D7D0000FFFF988000CF00646464FFCD000000FFD8D8000000FFFFFFFF29FBFFFFFFFFFFFFFF05FFFF0000FFFF00000000FFFF00F2F27DC3FF + 8FF00000000FFFFFFFFFFFFFFFF7D7D0000FFFFC20000000075FFFFFFFFFFFFB5B5B5B5000000D0D0FFFFFF0000C5C5C5C5A100000000307D8BFFFFAD - -D5D5D5CC01007D7D7C0000FFFF988000CF82E76463FFCD3E0000FFD8620000010000004974464AFFFFFF2F2EFF0600FEFF3B3A393A5F0000FFFED075667DC452
-D5D5D5D500007D7D7D0000FFFF988000CF00646464FFCD000000FFD8D8000000FFFFFFFF29FBFFFFFFFFFFFFFF05FFFF0000FFFF00000000FFFF00F2F27DC3FF + -1F9F0000FFFFFFFF000000FFA3A3A30000FFFFFF86FF0B0B0BFFFFFF0E353562626262620000FFFFFF0EFFFFFFFFFFFFFFFFFFFFFF0058588231FFFFFF - -D5D5D5F49F007E7D7CFFFFFFFF997FA472A3646564FFCC86FF0C0AE4D7FFFF0F353562618C5E620000FFFFFF0E05FFFF0000FFFF0000000000575975247DC3FE
D5D5D5D500007D7D7D0000FFFF988000CF00646464FFCD000000FFD8D8000000FFFFFFFF29FBFFFFFFFFFFFFFF05FFFF0000FFFF00000000FFFF00F2F27DC3FF + 3EACFF0000005D5DFB0000000000000068680000A2A2A2A2A2FFFFFFFF0098989898E0E0E03300000000FFFFFF646464EDF0F0FFFFFFFFFFFF00FFFFFF - D5D5D613ACFF7D7D7D5D5EFAFF988000CF0064CCCCFFCDA2A2A3A27BD800000000989897C2DCE0E0330000000005FFFE646564ECF0F10000FFFF00F1F37DC3FE
D5D5D5D500007D7D7D0000FFFF988000CF00646464FFCD000000FFD8D8000000FFFFFFFF29FBFFFFFFFFFFFFFF05FFFF0000FFFF00000000FFFF00F2F27DC3FF + -6A6A00000000FF63635B5B00000039616161000000CDCDCDFFFFFFFFFFFF000000FF4343E3E3E3E3FFFFFFFFFFFFFFFF00FFFFD6D6D6D6000000FF5800 - D5D5D56A96007D7D7C009D9CA43D8000CEC7030303FFCCFF323331D8D800000100FFFFFE2AB8BC1C1C1C1BFFFF05FFFF000100FE0000292A292900F2F17E6BFF
-D5D5D5D500007D7D7D0000FFFF988000CF00646464FFCD000000FFD8D8000000FFFFFFFF29FBFFFFFFFFFFFFFF05FFFF0000FFFF00000000FFFF00F2F27DC3FF + DC5C0000FF0000000000000000000000FFFFFF82FF1AFFFFFFFFFFFFFFFFFFFFFF8D00FFFFFFFFFFFFFF007A7A7AFFFF63FFFFFF22FF1FFFD8FFFFFF77 - -D5D5D4F8A4007C7E7D0000FFFF988000CF00636465004A00E500FFD8D8000000FFFFFFFF9CFB000000000000000585848501009B000000DE00DF0119F27DC488
-D5D5D5D500007D7D7D0000FFFF988000CF00646464FFCD000000FFD8D8000000FFFFFFFF29FBFFFFFFFFFFFFFF05FFFF0000FFFF00000000FFFF00F2F27DC3FF + -1013535350000000000000000FFFFFFFF00000000FF000000000000000000FFFFFFCC0000FF000000AA8383FFFF1F00FFFFFFFFFFFFFF008D8DA6000000 - -D5D5D6D63535B27D7D0000FFFF988100CF00636464FFCDFF0000FFD8D800000100FFFFFEF5FC00FF000000AA8289FFFE1F01FFFF00000000FEFF8E80987DC3FF
D5D5D5D500007D7D7D0000FFFF988000CF00646464FFCD000000FFD8D8000000FFFFFFFF29FBFFFFFFFFFFFFFF05FFFF0000FFFF00000000FFFF00F2F27DC3FF + 2B2FFFFFF0000AC000000FF9F00FFFF0000AAAAE6E6E6000000000A000000FFFFFFFFFFFFFF00A9FF00FF000030FFFFFFC3C3C3151515B6B6B6FFFFFFE0 - D5D5D88800007C7D7DAC010000981F01CEFF64650FAAB3E6E600FFD8D80A000100FFFFFF29FBFFFF00A9FF00FE0600300000FFC2C3C3151615B5B7A9F27DC3DF
D5D5D5D500007D7D7D0000FFFF988000CF00646464FFCD000000FFD8D8000000FFFFFFFF29FBFFFFFFFFFFFFFF05FFFF0000FFFF00000000FFFF00F2F27DC3FF + -7FFFFFFFFFF00FFFFFFFF000000000000FFFF393939396BFF000000000000000000000000000000FFFFCDCDCDCDF7FFFFFFFFFFFFFFA5FFFFFFFF00FFFF - D5D5CDD500007D7E7C00010000988000CF00636465C693C6C69500D8D8000000FFFFFFFF29FBFFFFFFFF0000313832310800FFFF0000000159FF00F2F37CC400
-D5D5D5D500007D7D7D0000FFFF988000CF00646464FFCD000000FFD8D8000000FFFFFFFF29FBFFFFFFFFFFFFFF05FFFF0000FFFF00000000FFFF00F2F27DC3FF + 90101FFFF9B10103CFFFFC9C9C9E6DCFFFFFFFFFFFFFFFF31FFFFFFFFFFFFFFFFFFFFFFFFFFFF440000000000000000000000FFFFFFFFFF07A60000FFFF - -D5D5CCD3FE007DE26CEFC3FFFFCEB636E823646464FFCD000001CDD8D8000000FFFFFFFF29FC000000BBFFFFFF05FFFF0000FFFEFF000000FFFFF94CF27CC400
-D5D5D5D500007D7D7D0000FFFF988000CF00646464FFCD000000FFD8D8000000FFFFFFFF29FBFFFFFFFFFFFFFF05FFFF0000FFFF00000000FFFF00F2F27DC3FF + -10FFFFC2C2C2C21C1C1C00FFFF62001A1A5C5C5C00FFFFFFFF000000FFFFFFFF0500A9FFFF000000000000000089009BFFFFFFFFFF000000E7FFFFFF0000 - -D5D5E6D4FFC340403F1C1D1C00987F62CF1A7EC0C15BCE000000FED8D8010000FFFF04FFD3FBFEFFFFFFFFFFFF060088009CFFFEFFFFFF00FFFFE8F2F27CC3FF
D5D5D5D500007D7D7D0000FFFF988000CF00646464FFCD000000FFD8D8000000FFFFFFFF29FBFFFFFFFFFFFFFF05FFFF0000FFFF00000000FFFF00F2F27DC3FF + 3EFFFFFFFFFFFFFFFF59FFFFFFFFFF00FFFFFFFFFF0000002FFFFFFFFFFFFF00FFFFFFFFFFFFFFFFFFFFFF0000FF000000FFFFFF8EFFFFFFFF3D0010F005 - D5D614D500007D7D7D000059FF988000CE01646464FFCC0000012FD8D8000000FF00FFFF29FBFFFFFFFFFFFFFE0600FE000100FEFFFF8F00FFFF002FF28EB404
D5D5D5D500007D7D7D0000FFFF988000CF00646464FFCD000000FFD8D8000000FFFFFFFF29FBFFFFFFFFFFFFFF05FFFF0000FFFF00000000FFFF00F2F27DC3FF + -7FFFA99B9B9B00000000000000ACAC4343FF000000FFFFF7FF6BFFFFFFFF0505FF0000004545FFFF000000FF00000000000017FF003A0000000000FFFFFF - D5D555D55664E1E27D0000FFFF987F5422BD206564FFCC000009006CD8000001FAFA00FF29FBBABA0000FFFFFE06FFFF0000FFFEE800FFC6FFFF00F2F17DC400
-D5D5D5D500007D7D7D0000FFFF988000CF00646464FFCD000000FFD8D8000000FFFFFFFF29FBFFFFFFFFFFFFFF05FFFF0000FFFF00000000FFFF00F2F27DC3FF + BD3D3D3DFFFFFFFFABAB0000000000FFFFE6E6FFFFFF3F000000000000000D0D0DFF616161616100FFFFC1C10000BE0030FF00FF000000000000F3FAB7B7 - -D5D51897C2C27D7D7D005554FF988000CE00647D7DFFCD00C100FFD8D8000000F2F2F1FFC89A9E9E9EFF00003D44FFFE4200CEFFFF010000FFFF00F1FE830C48
-D5D5D5D500007D7D7D0000FFFF988000CF00646464FFCD000000FFD8D8000000FFFFFFFF29FBFFFFFFFFFFFFFF05FFFF0000FFFF00000000FFFF00F2F27DC3FF + -142000000000000000000000000003CCDCDCD00FFFFFFFF6D00FFFFFFFFFFFF004444448E8E0000000000FF05FFFFFFFFFFFFFFFFFFFFFF6DFD6B3535FF4C - -D5D717D500007D7D7D0000FFFF9880010BCE323165FFCCFFFF6E00D8D8000000FF0044436E8A8E0000000000FE0BFFFF0000FFFF00000000FF6CFE5E27B3C34B
D5D5D5D500007D7D7D0000FFFF988000CF00646464FFCD000000FFD8D8000000FFFFFFFF29FBFFFFFFFFFFFFFF05FFFF0000FFFF00000000FFFF00F2F27DC3FF + 2FF5E5E00FF00FFFFFFFFFFFF00FF616161616100FFFF75FFFFFF00FFFF00002FBD00000065FFFFFF00000C00000000F2000000C1C1C1FFFFFFFF9CFFFFFF - D5D8D5335E017C7E7D0000FFFF9781003061C5C5C600CCFF7600FFD7D8FFFF01002FBCFF29FC65FFFFFF00000B05FFFF00F2FFFF00C1C1C2FFFF00F28F7DC3FE
D5D5D5D500007D7D7D0000FFFF988000CF00646464FFCD000000FFD8D8000000FFFFFFFF29FBFFFFFFFFFFFFFF05FFFF0000FFFF00000000FFFF00F2F27DC3FF + -5FF1104C7C700282B2B860000FFFFFFFFFFFFFFFFFFFFFFFFFFFFFF9A00AD1212FFFFFFFFFFFF343434D1000000000000DCDCFFFFFF0000D4D40000000000 - D5CFD6C3FB38B67D54D4D579FF978000CF00646464FFCD000000FFD8D865FF53EDECFFFF29FC0000CBCBCB2EFF05FFFF0000232200000100FF2A2CF2F27DC3FF
-D5D5D5D500007D7D7D0000FFFF988000CF00646464FFCD000000FFD8D8000000FFFFFFFF29FBFFFFFFFFFFFFFF05FFFF0000FFFF00000000FFFF00F2F27DC3FF + FE7FFFFFFFF00B1CCFF464655000000000000000000959595DCDCDCDC0000FFFF0000FFFFFF330000002DD3D3D3D300FF9DFFFFFFFF0000E0E3FFFFFF2D2D - -D5C5EDD500007E7CCB3301B9B9438000CF00646464FFCC6A6A6B22FBFB2400000000FFFE29FC00CCFFFFFFD22B322C2BFF0161FF00000100FF1E1CF2F27E96D2
-D5D5D5D500007D7D7D0000FFFF988000CF00646464FFCD000000FFD8D8000000FFFFFFFF29FBFFFFFFFFFFFFFF05FFFF0000FFFF00000000FFFF00F2F27DC3FF + -1D7DFFFFFF00FF3000CD8C8C8C00005050FFFFFF00FFFF7B7B0000000000000000000000D79A9A9AFF0000000000000000000000FFC2C2FFF900FFFFF40000 - -D5F353D4FFFF7E7CAD00CE8C8C2480011F5164646400CCFF7B7BFFD8D8000000FFFFFFFF2AD39A9A9AFEFFFFFF05FFFF0000FFFF00FFC2C3FFF801F2F271C3FF
D5D5D5D500007D7D7D0000FFFF988000CF00646464FFCD000000FFD8D8000000FFFFFFFF29FBFFFFFFFFFFFFFF05FFFF0000FFFF00000000FFFF00F2F27DC3FF + 2ECE000000000000000000003C3C00000000000000FFFFFFFFFFFFFFFFFFFF0000000000C4C4F700EB00000000FF00000000CFFFFFFF00000000FFFFE0E0E0 - D604A3D500007D7D7D0000FFFFD4BC00CF0064646500CD000000FFD8D7FFFFFFFFFFFFFF2AC0C4F700EAFFFFFF06FEFF000100CEFFFFFF00FFFF01F2F25EA4DF
D5D5D5D500007D7D7D0000FFFF988000CF00646464FFCD000000FFD8D8000000FFFFFFFF29FBFFFFFFFFFFFFFF05FFFF0000FFFF00000000FFFF00F2F27DC3FF + -400064FF0000FFFFBBBB8B00000000FF7373343434FFFFFF8E00FFFFFF000000000000FFFFFFFFFFFFFFFFD3FF5EFF2121219C9C9C1010FCFC29030000FFFF - D595D57001007C7D7D444574FF987FFFCF8CF13030CACD000072FED8D8010000FFFFFFFE29FC0000000000002B06A0FFDEDFDE626363EFF00302D7EFF27CC400
-D5D5D5D500007D7D7D0000FFFF988000CF00646464FFCD000000FFD8D8000000FFFFFFFF29FBFFFFFFFFFFFFFF05FFFF0000FFFF00000000FFFF00F2F27DC3FF + 961616FFFF00000000BAD6D6D6FFFF0000FFFFFFFFFFFF00FFE2ACACACACFFFF000000C3FFFF00004CFFFF0000F952525200FFFFFFFFFFFFFF5200000000FF - -D53FBFBE00017D7D7CFF462928C18001CEFF646464FFCD00FF011D2C2B53530100FFFFFE65FC00FFFFB30000FF0506ACADAEFEFF00000000FFFFAEF2F27DC300
-D5D5D5D500007D7D7D0000FFFF988000CF00646464FFCD000000FFD8D8000000FFFFFFFF29FBFFFFFFFFFFFFFF05FFFF0000FFFF00000000FFFF00F2F27DC3FF + -1FF7E0000FFFF6464780000FFFFFF9C9C77B2B2B2FF4161FFFFFF89FFFFFFB277D800FFFFFFFFFFFFFF00000000000000BBBBBBBB000000FFFFBCBCBCBC0074 - -D7D553D501007CE1E1780100FF987F9D6B78171717FF0E620000FF62D7FFFFB377D800FF29FBFFFFFFFEFFFFFF05FFFF00BCBBBABB000001FFFEBDAFAF39C473
D5D5D5D500007D7D7D0000FFFF988000CF00646464FFCD000000FFD8D8000000FFFFFFFF29FBFFFFFFFFFFFFFF05FFFF0000FFFF00000000FFFF00F2F27DC3FF + 30000FF0000000000FFD7D70000FFFFFFFFFFFF0000FFFFFFFFFFFFFFFFFFFF777777777700010100000E0EB9FFFFFFFF3939C1FFFF0077E8E8E8E8E8232323 - D8D5D6D400007D7D7DFFD8D6FF998000CF0064636500CD000000FFD8D800000077777776A0FC010100000E0EB905FFFEFF3A39C0FFFF0078E8E7E9DBDAA0E722
D5D5D5D500007D7D7D0000FFFF988000CF00646464FFCD000000FFD8D8000000FFFFFFFF29FBFFFFFFFFFFFFFF05FFFF0000FFFF00000000FFFF00F2F27DC3FF + -6000000FFBE0000E0000000000000007171FFFFFFFFFFFFFFFF00FFFFFFFF00000000005D5D249D9D9D0000FFFFFFFFFF40FF6B6B0F0F0F000000A9A9FFF3F3 - CFD5D5D400427D7C9D0000FFFF9880005D8E646464FFCD000001FED8D8000100FFFFFFFECC9EDB626262FFFEFF05FFFF00C0009394F0F0F1FFFF0049487DD00C
-D5D5D5D500007D7D7D0000FFFF988000CF00646464FFCD000000FFD8D8000000FFFFFFFF29FBFFFFFFFFFFFFFF05FFFF0000FFFF00000000FFFF00F2F27DC3FF + 8000000000000000000565656565656B5FFFFFFFF3A3A3A5EFFFF1C1C1C1C1C1CFFFFFFFF7A7A767676FFFFFFFFFF53530085000000FFFFFFFFFF0000000000 - -CDD5D5D500007D7D7CFFAAA9A94229AA1900646465C592C5A10100BCBBE3E3E4E2FFFFFF2A8185898988FFFFFF0600ABAD007AFEFFFF0000FFFF01F2F27DC3FF
-D5D5D5D500007D7D7D0000FFFF988000CF00646464FFCD000000FFD8D8000000FFFFFFFF29FBFFFFFFFFFFFFFF05FFFF0000FFFF00000000FFFF00F2F27DC3FF + -1FBFBFBFBFBF9E0000000000000084848484D3FFFFFFFFFFFF00001D1D000000FFFCFFFFFFFFFF000066666666A100FFFFFFFFFFFF56566F6F6F6F6FFF0000FF - -F5959594BFC01B7D7D0000FFFF9904855385386464FFCCFFFF00FFF5F5000001FFFCFFFF29FBFF000066666665A700FF0000FFFEFF5656706F6E7062F17DC4FE
D5D5D5D500007D7D7D0000FFFF988000CF00646464FFCD000000FFD8D8000000FFFFFFFF29FBFFFFFFFFFFFFFF05FFFF0000FFFF00000000FFFF00F2F27DC3FF + 20000000B18E00000000007F7F7F7FFFFFFFCF4C7EF8FFFF00003030303F3F3FFFFFFFFF4B4B000000000000FCFCFCFC323232323200FF55000000EAEDFFFF00 - F5D5D5D5B18E7D7D7D00017F7F180000CF0033B0E3F8CCFF00013009083F3F40FFFFFFFE7547000000000000FC02FCFB323332313200FF55FFFF01DDE07DC2FF
D5D5D5D500007D7D7D0000FFFF988000CF00646464FFCD000000FFD8D8000000FFFFFFFF29FBFFFFFFFFFFFFFF05FFFF0000FFFF00000000FFFF00F2F27DC3FF + -5FFFFFFFFF0000FFFFFF0000000000000058FACEFFFFDAFF7D0C0C0C0CFFFF00FFFFFF006100FF5A5A5A000000F3F335353500FFFF0000FF00BABA00D7D7FFFF - 75D5D5D501007C7D7D0100FFFF988000CEA7699564FFF20082F4F3CCCB000100000000FEC8FB00A5A5A5FFFFFE120CC9CACBFEFF00FFFF01FF4446F21AA5C400
-D5D5D5D500007D7D7D0000FFFF988000CF00646464FFCD000000FFD8D8000000FFFFFFFF29FBFFFFFFFFFFFFFF05FFFF0000FFFF00000000FFFF00F2F27DC3FF + CACACACACAFFFF00000000000084FF00004A4A00007600000000FFFFFFFF90902424FF000079FFFFFFC8C880E7E7E7CD64646464FF1F00000000000000FFFF00 - -B0B0B0A35007E7D7D0000FFFF138100CEB61A646489CCFFFFFFFFD8D8006F70DBDB00FF298200000037377F171E18319B9C9B9A00E10000FFFF00F2F17DC4FF
-D5D5D5D500007D7D7D0000FFFF988000CF00646464FFCD000000FFD8D8000000FFFFFFFF29FBFFFFFFFFFFFFFF05FFFF0000FFFF00000000FFFF00F2F27DC3FF + -1FFFFFFA3A3A3A3A3A3A300000000FFFFBB68FFFF927B00FFFFFFAEAE005C5031FFFF8989FFFFFFFF88888888FFFFFFFF00FAFAFFDCDCDCDCDC2800730000FFFF - -2D5D5D578A3A4212120A300FFFF9980008A696463F77ACE000000AE86D85C5032FFFF898929FBFFFF88888888FF05FFFE00FBFAFEDCDCDCDDDC270165F27EC3FE
D5D5D5D500007D7D7D0000FFFF988000CF00646464FFCD000000FFD8D8000000FFFFFFFF29FBFFFFFFFFFFFFFF05FFFF0000FFFF00000000FFFF00F2F27DC3FF + 3FFFFFFAD4E00000000000000002626262697979797979797AFAFFFFFFFFFFFFFFFFFFFFFFF293636FF000000FFF2A7A70707FF0000FFFFFFFF0000FFFFFF8FFF - 4D5D5D5824E007D7D7D0000FFFFBEA626F597FBFBFC976497AFB0FFD8D8000000FFFFFFFF29253636FF000000FEF8A7A60708FEFF01000000FEFF01F2F27D53FE
D5D5D5D500007D7D7D0000FFFF988000CF00646464FFCD000000FFD8D8000000FFFFFFFF29FBFFFFFFFFFFFFFF05FFFF0000FFFF00000000FFFF00F2F27DC3FF + -5FF0000FFFFFFFFFFC4FFFF00B4B4B43B0000E20000DC003B3B006A6A6A6A6AFF00000404C3FFFFFFFFFFFFFFFF0000F80000FFFFFFCC0000FFFFFFFFFFDFDFDF - -5292A2B2AFFFF828247FFFE00B51C343A31007D9B9BDC333B3AFF6A91926A6AFE000004059A03FFFFFFFFFFFFFFFA00F900000000FFCC00000000FF0D0D621BE0
-D5D5D5D500007D7D7D0000FFFF988000CF00646464FFCD000000FFD8D8000000FFFFFFFF29FBFFFFFFFFFFFFFF05FFFF0000FFFF00000000FFFF00F2F27DC3FF + F6F8B8B8BFFFF00000000FFFFFFFFFFFFFFFFCDDCDC0000FB0000000000FFFFFF0000008D00B204048BFF000000FF000000000000EAEAEAEAEA000000FFFF0000 - E99B5B5B6FFFE82828300FF0000677FFF30FF6978770033FAFFFF002728FFFFFE0000008DD6B604048BFF000001F90000FFFF0001EAEAEAE9EA00FF0E0D813C01
-D5D5D5D500007D7D7D0000FFFF988000CF00646464FFCD000000FFD8D8000000FFFFFFFF29FBFFFFFFFFFFFFFF05FFFF0000FFFF00000000FFFF00F2F27DC3FF + -1D3D3DAEFFFFFFFFFFFFFF15FFFFFFFFFF4BE70000000000FFFF00474747FFFF8A8A8A8A8A0000000000270000AFFFFF00FFFF8C8C000000000000000085C68181 - -1E131384D500007D7D7CFF16FFFF9880001AE7646464FFCDFFFF0147201FFFFF8B8A8A8A8929FC000000270000AF05FF0000008C8B00000000FFFF00F378444580
D5D5D5D500007D7D7D0000FFFF988000CF00646464FFCD000000FFD8D8000000FFFFFFFF29FBFFFFFFFFFFFFFF05FFFF0000FFFF00000000FFFF00F2F27DC3FF + 20C0FFFFFFFFFFFF0000C3C3FFFFFFE7FFCECE00000000005200FFFFFFFFFF0000FFFFFFFFFF000000FFFFFFFF0000CFD6D6D60000FF9090FF00FFFFFFFFFFDA00 - 2196D5D5D500007C7D7DC3C4FFFF9868009DCE646464FFCD520100FFD8D7FF0001FFFFFFFF28FC0000FFFFFFFEFF06CFD5D6D6FFFFFF90910000FF00F2F27D9DFF
D5D5D5D500007D7D7D0000FFFF988000CF00646464FFCD000000FFD8D8000000FFFFFFFF29FBFFFFFFFFFFFFFF05FFFF0000FFFF00000000FFFF00F2F27DC3FF + -5A1AFFFFFFFF190096002727FF6B00000000FFFF0000000000A2A2A200FF89000000000000003B3B3B00000000FF8A8AFFFFFFFFFF0000FFFF000000000000FFFF - -59452A2A2AFF188318832726FF6B677FFF31FF9A9B9B003300A2A1A2282788FFFF00000000D63F3B3B0000000100848B00FFFF00000000FFFE0000FF0D0D833C00
-D5D5D5D500007D7D7D0000FFFF988000CF00646464FFCD000000FFD8D8000000FFFFFFFF29FBFFFFFFFFFFFFFF05FFFF0000FFFF00000000FFFF00F2F27DC3FF + 9E0000000000FC0000000000FFFF00000000858585B0FFFFA5FF0000FFFFFF5AFFFFFFFFFF00000000004747FFFFFFFF0088FFFFFF0000FF80000000D3D3D3D3FF - 9D2A2A2A2B00FB828282FFFFFFFF677FFF318521214C0032A5FEFF012727FF5AFEFFFFFFFFD60400000047480000F9FF0188FF00000000FF7F0000FFE0E1561000
-D5D5D5D500007D7D7D0000FFFF988000CF00646464FFCD000000FFD8D8000000FFFFFFFF29FBFFFFFFFFFFFFFF05FFFF0000FFFF00000000FFFF00F2F27DC3FF + -102FFFFFF6B6B6B6B000014FFFFB5B50000FFE6D2D2D2000000FFFFFFFFFFFFFFFFFFFF00C0C0FF7B0000F500009500FFFFFF000000FFFFFFFFFFFFDBDBD7000000 - -103D5D5D5406B6BE87D7D1500FFB54D8001CEE7373736FFCD010000FFD8D8000000FFFF00BFEAFB7B0000F500009406FFFEFF01000000000000FFFEDCCEC97DC3FF
D5D5D5D500007D7D7D0000FFFF988000CF00646464FFCD000000FFD8D8000000FFFFFFFF29FBFFFFFFFFFFFFFF05FFFF0000FFFF00000000FFFF00F2F27DC3FF + 3FFFF00FF000000FFFF00001A1C1C1C1C47476D6B6BFFFFFFFF000000555555550000004F4F4F4FB59D9D9DFF70FFFFFFFFFFFFB4B4B400000000C0FFFFFFFFFFFF - 400D4D6D4D500017D7C7D001B1C1BB49C48166DCFD064FFCCFF0001002E2D55550100004F4E794BB59D9D9DFF70FF05FFFF0000B4B3B400000100C000F2F27DC3FE
D5D5D5D500007D7D7D0000FFFF988000CF00646464FFCD000000FFD8D8000000FFFFFFFF29FBFFFFFFFFFFFFFF05FFFF0000FFFF00000000FFFF00F2F27DC3FF + -4141414143F72727272000000009AFFFFFFFFFFFF00009696969696960000007CC1C1C1FF3C3C00FFFFFFFFFFFFFFFFFFFFFFFFFFFF000000000000000000000000 - -4133E3E3E6A7271F4F482FFFF009B677FFF30FF9A9B9B96C9969695962728007CC0C1C1FF3D120500000000000000FA0000FFFEFFFFFFFFFFFF0000FF0D0D823C01
-D5D5D5D500007D7D7D0000FFFF988000CF00646464FFCD000000FFD8D8000000FFFFFFFF29FBFFFFFFFFFFFFFF05FFFF0000FFFF00000000FFFF00F2F27DC3FF + 9C80000A5A500000000FF0000000000FF9F8686C3C3C3C3C3FFFFFFE9E9FFDADA58737373FFBCBCBCBCBCBCBCBCBCFFFFFF0000C9C900FFFFFFFFFFFFFFFFFF7171 - 9C72A2ACFCFFFFF828381FFFF0000687F9EB7865F5F5EC3F6FFFFFEEA1127DADA577373740092C0BCBCBCBCBCBCBDF9FFFFFFFFC9CA00FFFFFF0000FF0D0D81AD72
-D5D5D5D500007D7D7D0000FFFF988000CF00646464FFCD000000FFD8D8000000FFFFFFFF29FBFFFFFFFFFFFFFF05FFFF0000FFFF00000000FFFF00F2F27DC3FF + -1B8BFFFF499E9E03FF50507AFF808080808066FF0000FFFF00FFFFFFFF2020FFFFD6D600000000757500FFFF6112FFFFFFFFFF0000FFFFFF0FFF000000FF5F5F5F00 - -1B8CD5D51F739E047CCDCD7B00808019008135FF646564FECE000000FEF8F8FFFFD7D5FFFFFF2A717500FFFF6112FF05FFFEFF0100FEFFFF0FFFFFFF01F251DD22FF
D5D5D5D500007D7D7D0000FFFF988000CF00646464FFCD000000FFD8D8000000FFFFFFFF29FBFFFFFFFFFFFFFF05FFFF0000FFFF00000000FFFF00F2F27DC3FF + 21FFFFFFCFCFCF8F006161FF56565642424242FFB5B572FFFFFFFF9B820000FF00000000FFFFA7FFFFFFB6B6B6B611898900002ABCBCBC0000FFFF0A00C019FFFF43 - 2200D5D5A5A4CF8F7DDEDEFF575655DAC24312001A19D7FFCCFFFF9C81D8D8FF00010000FFFED1FBFFFFB6B6B6B6108F88FF002BBCBBBC000100FF0901B30C7DC342
D5D5D5D500007D7D7D0000FFFF988000CF00646464FFCD000000FFD8D8000000FFFFFFFF29FBFFFFFFFFFFFFFF05FFFF0000FFFF00000000FFFF00F2F27DC3FF + -668B8D8D00FF53606060FF0000FF000000000056565656FF0000A0A0A0A0FFFF00000000FFFFFFFFFFFF00000000000000FF000000DE00FFF3F3FFFFFFE94FFF0000 - -668AB7B72B2A535FE2E381FFFFFF00677FFF3155F1F1F1FF3300A09FA0C827FEFFFF00010000D603FFFF0000000000FA00FFFFFF00DF00FFF3F30000FEF65D813C01
-D5D5D5D500007D7D7D0000FFFF988000CF00646464FFCD000000FFD8D8000000FFFFFFFF29FBFFFFFFFFFFFFFF05FFFF0000FFFF00000000FFFF00F2F27DC3FF + 8A0A00FFFFFFFFFFFFFFFFFF50000000000000000000000000000000000000FFFF83838383C4FFFF000000000000000000000000000000007A0000000000FFFFFFB5 - 8A092B2A2A2AFFFF828282FF4F0000677FFF30FF9B9B9B0032FFFFFF002728FFFF82838383C5D60300000000000000FA0000FFFF0001000079FF0000FF0E0D823BB6
-D5D5D5D500007D7D7D0000FFFF988000CF00646464FFCD000000FFD8D8000000FFFFFFFF29FBFFFFFFFFFFFFFF05FFFF0000FFFF00000000FFFF00F2F27DC3FF + -100000000FFFFFF0032323232EEEEEEEEEEEEFFFF00000000FFFFFFFFFFFFFFFFFF00FFFFFFFF00FFFBFBFBFFFF0000FFFFFFFF0000BEBEBEBEBE606060492D2D2D52 - -10000D5D6D5D4FF00AFAFAF32EFEEEE876EEFCEFF64646500CD000000FFD8D7FFFF01FFFFFFFE2AFBFBFBFBFFFF000005FFFEFF0100BDBEBEBEBF605F613C1FAAF151
D5D5D5D500007D7D7D0000FFFF988000CF00646464FFCD000000FFD8D8000000FFFFFFFF29FBFFFFFFFFFFFFFF05FFFF0000FFFF00000000FFFF00F2F27DC3FF + 200000000FFFF0000ADADFF00208C8C00FCFCDEDE00000000FFFF50505050EDFFFFFFFFFF3939393939393939FFFFFF50000000E90000B7B7B7B7B72424FFC4FF00EC - 20000D5D6D5D400012B2B7C00218C8B997CFDADDE64646500CCFF50515029C6000000FFFF3938633539393939FFFFFE55FFFF00E9FFFFB7B7B7B8B72325F2B77CC4EB
D5D5D5D500007D7D7D0000FFFF988000CF00646464FFCD000000FFD8D8000000FFFFFFFF29FBFFFFFFFFFFFFFF05FFFF0000FFFF00000000FFFF00F2F27DC3FF + -4AEAEAEAE0000FF6767670909FFFFFFFF000059FFFFFF3939393939FFFFFF79FFFFFFFFFFFFFFFFA7A7269EFFFFFFFFFFFF00FFFFFFFF27F90000001414FFFF35FF00 - -4AEADD8D82A2BFF66E9E98C09FF0000667FFF8AFF9B9AD4396C3939FF0026A1FFFFFF00000000D5ABA7269F00000000F9FF01FFFF000027F8FFFF0015140D0CB83B01
-D5D5D5D500007D7D7D0000FFFF988000CF00646464FFCD000000FFD8D8000000FFFFFFFF29FBFFFFFFFFFFFFFF05FFFF0000FFFF00000000FFFF00F2F27DC3FF + B0303030303F20000000000000000000000000000FFFF988C8C8C000000000000000000000000CE4B4BDEDEFFFFFF00FF0000282800FF0F0F0000FFFF0000499500F7 - B03022D2D2E1CFFFF828282FFFF0000677FFF31009B9B338CBF8BFFFF002727FFFFFF00000001A44F4BDEDEFFFFFF01F90001282701000F0EFFFFFFFFFF0D57173CF8
-D5D5D5D500007D7D7D0000FFFF988000CF00646464FFCD000000FFD8D8000000FFFFFFFF29FBFFFFFFFFFFFFFF05FFFF0000FFFF00000000FFFF00F2F27DC3FF + -178787D6003131318888FF0000545451000000000000001E1E1E0000681919191900FFFFFFFFFF0000000000FFFFFFFF696969696900B5B5B5B5000000CCC2FFFF04F8 - -178788ABD607063189067C7D00555450988000CF006464831DEB00006918F1F1190100FFFFFFFE29FC000000FFFFFFFE6F6968696A00B4B5B5B500FFFFCDB5F27CC8F7
D5D5D5D500007D7D7D0000FFFF988000CF00646464FFCD000000FFD8D8000000FFFFFFFF29FBFFFFFFFFFFFFFF05FFFF0000FFFF00000000FFFF00F2F27DC3FF + 224242929292FFFFFF00FFFFFFFFFFF1F1F1F1F1F1000000B6B67878000000FF004C7F7F46000000FF00D3D3434300FFFFFFFF6946FFFFFFFFBA000000FF000000FFFF - 224243686868D4FFFF7E7D7D0000FFF18A71F2C0F1646465B683787800FFD9D7004C807F45FFFF2AFB00D3D3434300FF05FFFE6947FFFEFFFFBA00FFFFFFF2F27EC3FE
D5D5D5D500007D7D7D0000FFFF988000CF00646464FFCD000000FFD8D8000000FFFFFFFF29FBFFFFFFFFFFFFFF05FFFF0000FFFF00000000FFFF00F2F27DC3FF + -61005FB5000000759300484880F8F8F8000000C600FFFFFF000000FF003171F00000000000FF00FFFF000000FF5757B3B3B3003030121200009999FFFF000000000000 - -61005EDF2A2A2B759282CACB80F7F8F8677FFFF7009B9B9A003300FEFF319917FFFFFF0000FF01D603000000FF5757B4ADB301302F121300009998FFFFFF0D0D823C01
-D5D5D5D500007D7D7D0000FFFF988000CF00646464FFCD000000FFD8D8000000FFFFFFFF29FBFFFFFFFFFFFFFF05FFFF0000FFFF00000000FFFF00F2F27DC3FF + FFFFFFFFFFFFFFFF000000B4B4FFFFFFFFFFFFFFFFF68BFFFFFFFFFFFFFFFFFFFFFFFFFFFFFF00FF0000FFFFFFFF5158F4F4F4FF00FFFFFFFFFFFFFFFFFFFFFFFFFFFF - FFFFFF2A2A2A2AFEFF828337B4FF0000677FFF30FF92279B0032FFFFFF002727FFFFFEFFFFFF01D50400FFFFFFFF5159EEF4F5FF000000FFFFFFFF0000FF0D0D823C00
-D5D5D5D500007D7D7D0000FFFF988000CF00646464FFCD000000FFD8D8000000FFFFFFFF29FBFFFFFFFFFFFFFF05FFFF0000FFFF00000000FFFF00F2F27DC3FF + -1FF006FABABFFFFFF00004BFFFFFFFFFFFFFFFFFFFF9A5959597C0000FF00000000CFCFCFFFB344FF78C946464646FFFFFF5A5AC6C89F6767FFFFFF000000FF00FFFFFF - -1FF00708181D5D4FF007DC97D0000FFFF988000CEFFFEBDBE59490000FFFFD8D800CFD0CFFFB3442974C946464646FFFF055A59C6C99F6667FFFFFFFFFF01F1F37DC3FE
D5D5D5D500007D7D7D0000FFFF988000CF00646464FFCD000000FFD8D8000000FFFFFFFF29FBFFFFFFFFFFFFFF05FFFF0000FFFF00000000FFFF00F2F27DC3FF + 3DBDB0000FF000000009292920000D1D1D1D15D00D52424FFFF6D6D008FFF00005EFF000053FFFFA313350000000000000000000061B0B0182922FF0000000000FFBFBF - 3DBDB00D6D4D5D5000110100F0001D1D16A515DCFD5888964FF3A6D0090FED8D85EFF010053FFFECD0F34FFFFFFFFFFFF05FFFF0062B0AF182922FFFFFF00F2F37D83BE
D5D5D5D500007D7D7D0000FFFF988000CF00646464FFCD000000FFD8D8000000FFFFFFFF29FBFFFFFFFFFFFFFF05FFFF0000FFFF00000000FFFF00F2F27DC3FF + -7FFFFFFFFFFFF2E2E2EFEFEFE0000000FFFFFFFFFDBDB0000FFFF00FFFFFF485050010101010000FF000000EF00FFFFFFFFFFFFFF0000FFFF81FFFFFF000000FF888888 - -7FFFFFF2A2A29592E2E818180FFFF0010677FFF30DB769B9C003200FFFEFF6F7850010001010001D5040000EF01000000FA0000FEFF0100FF81FFFEFF00FF0E0D0AC489
-D5D5D5D500007D7D7D0000FFFF988000CF00646464FFCD000000FFD8D8000000FFFFFFFF29FBFFFFFFFFFFFFFF05FFFF0000FFFF00000000FFFF00F2F27DC3FF + F9C2F7F7F7F7F7F7F7FFFFFFFFFFFFFFFFFFFBD00FFA8D1D1D15DFFFF002828FFFFFFFFFFFF3C00FFFFC800000000FFFFCACACAFFFFFF0000FFFFFFFFFFFFFFFF07FFFF - F9C2F7EA9A9A9AA7F7F828282FFFF0000677FBC31FF446D6CD190FFFEFF285027FFFFFEFFFF3C01D603C8000000010000C4CACBFFFEFF0100FFFFFF0000FF0D0C8A3C00
-D5D5D5D500007D7D7D0000FFFF988000CF00646464FFCD000000FFD8D8000000FFFFFFFF29FBFFFFFFFFFFFFFF05FFFF0000FFFF00000000FFFF00F2F27DC3FF + -1FFFE4E40000FF00FF0000FFFF4141FF4A4A4A6CFF000000FF000000FFFFFFFF00000000FF00000000000000000000007F7FFFFF0000FFFFFF00E1E1E1E100FFFFFFFFB2 - -1FFFE4E4D5D6D4D5FF007E7D7C4142FF49E2CA6DCE00646563FFCD010000FFD7D8000001FEFFFFFF29FC0000000000007E85FFFE0001FFFEFF00E1E2E1E001F2F27DC3B1
D5D5D5D500007D7D7D0000FFFF988000CF00646464FFCD000000FFD8D8000000FFFFFFFF29FBFFFFFFFFFFFFFF05FFFF0000FFFF00000000FFFF00F2F27DC3FF + 3F00FFFFFFFFFF38383838FFFFFFFFFFFFFFFFFFFFFF00707070DBDBDBEEEEEE00A6C5C5FFFF00002E939393FFFFFFFFFFFFFF0000FFFFFFFFFFF2FFFF9D9D00007FE2E2 - 3F010000D5D5D50D3838B67D7D0000FFFF988000CEFF64D4D570A8DBDBEFEEC6D8A6C5C6FFFEFFFF588F9393FFFFFFFFFF05FEFF0100FFFEFFFFF300FF9C9DF2F2FDA6E1
D5D5D5D500007D7D7D0000FFFF988000CF00646464FFCD000000FFD8D8000000FFFFFFFF29FBFFFFFFFFFFFFFF05FFFF0000FFFF00000000FFFF00F2F27DC3FF + -7F8686FFFF00D00046EFEFEFC5C5C500000000FFFF0B0B0B0B0B0B00CA00FFFFFFFF0A0AFF000000000000001616FF0000B4FFFFFFFFFFFFAFAF0000FF00000000000019 - -7F8686FF292AFA2B46EF727248C5C400006780FF300AA6A6A60B3E00CA00002727FF0A09FF000000D60400001616FF0001AF0000FFFF0000AFAEFFFFFF00FF0D0D823C1A
-D5D5D5D500007D7D7D0000FFFF988000CF00646464FFCD000000FFD8D8000000FFFFFFFF29FBFFFFFFFFFFFFFF05FFFF0000FFFF00000000FFFF00F2F27DC3FF + D7D7FFFFFFFFFFFFFFFFFFFFFFFF00FFFF919100FFFFFFFFFF006868686868686868E7E7E7080808080000C4C4C4C4C4FF86FFFFFFFFFFFFFF00FFFFFF00797979797A5F - D7D7FFFF2A2A2A2AFFFF828282FEFFFFFFF9110030FF9B9B9A009B686867688F9068E7E6E7080808DE0400C4C4C4C4C500810000FFFF0000FF00FFFEFF01788686FBB660
-D5D5D5D500007D7D7D0000FFFF988000CF00646464FFCD000000FFD8D8000000FFFFFFFF29FBFFFFFFFFFFFFFF05FFFF0000FFFF00000000FFFF00F2F27DC3FF + -1555555FFFF38FF3500B9F2F2F2F2000000000000000059FF0000000000268300FFFFFF9E9E9A7AFF00000000B9FFFFFFFFFFFFFFFF00000010FF000000411A1A00000000 - -155555600D50ED50A00BA70706FF200FFFF988000CF00BE6364FFCD00002782D9D7FFFF9F9E9A7AFE29FC0000B9FFFFFFFF05FFFEFF00FFFF10FF000100401B0CF27DC3FF
D5D5D5D500007D7D7D0000FFFF988000CF00646464FFCD000000FFD8D8000000FFFFFFFF29FBFFFFFFFFFFFFFF05FFFF0000FFFF00000000FFFF00F2F27DC3FF + 2BAFFFFFFFF00F5FFFFCED3D3D3D3D3FAFAFAFFFFFFFFEEEEEEEEEEEEEE00000000FFFFFFFFD9D9D900FFFFFFFFFF438F000000FFFFFF0000000000000000000059666666 - 2BB000000D4D6CBD4FFCF515150D3D4FAFA938000CF00535353EEBBEEEE00FFD8D9000000FFD9D9D82AFBFFFFFFFF438EFF0600FEFFFFFFFF00000000FFFF00F34BE42A65
D5D5D5D500007D7D7D0000FFFF988000CF00646464FFCD000000FFD8D8000000FFFFFFFF29FBFFFFFFFFFFFFFF05FFFF0000FFFF00000000FFFF00F2F27DC3FF + -5000000000000FFFFFFFF0101FFFFFFFFFF0000006BFFFFFFFFFFFFFFFFFFFFFFFFFFFFFFFFFF00000000FF2828282828003B525252A1A100FFFFFFFFFFFF7676FFFFFFFF - -4FFFFFFFF2A2B2A2AFFFE838482FFFEFFFF677FFF9CFF9B9B9B0032FFFFFF002727FFFFFEFFFF0000D604FF28282828280135525352A0A101FFFFFFFF000075840D823C00
-D5D5D5D500007D7D7D0000FFFF988000CF00646464FFCD000000FFD8D8000000FFFFFFFF29FBFFFFFFFFFFFFFF05FFFF0000FFFF00000000FFFF00F2F27DC3FF + FFFFFFFFFFFFFFF0000000000FFFFFFFFFF0000E406060606BBBB7A7A7AFF1212124900D3D3D3FFFFFFFFFFFF560000000000005D009B000000FFFF1111111111111111FF - FFFFFFFFF2A2A292AFFFF828382FFFEFFFF6780E33705A1A256BBAD7A7AFE12393A4900D2D3D40000D603FFFF5600000000FA005E009A000100FFFF101112101E1E934E00
-D5D5D5D500007D7D7D0000FFFF988000CF00646464FFCD000000FFD8D8000000FFFFFFFF29FBFFFFFFFFFFFFFF05FFFF0000FFFF00000000FFFF00F2F27DC3FF + -10FFFFFFFF000000000000000000000000FFFFFFFFFFFFFFFFFFFFFF0000000000FFFFFF0000000000D3FFFF00270000FFFFFFFF0000FDFDFFC2C200D2D2D2D20000000000 - -10FFFFFFFFD5D5D5D500007D7D7D000100FF988000CF00646464FFCC000000FFD9D7FFFF00FFFFFFFFFDFBFF00270000FFFF05FEFF00FEFDFEC2C200D3D2D1D2F2F27DC3FF
test BN_sub
print "test BN_sub\n"
B8383861000000FFFF00FFFFFFFF00313149494444535353000B5E5E4E9E000000FF0000000000680000000084848484B80082B5B5FFFFFFFFFFFFFFFFFFFFFF - B8383861000000FFFF00FFFFFFFF00313149494444535353000B5E5E4E9E000000FF0000000000680000000084848484B80082B5B5FFFFFFFFFFFFFFFFFFFFFF - 0
DD6D2A2A2A2A6D0000FFFFFF00FFFF6262FFFFFF000000DFFFFF9F9FFFFF08081B1B13131313FFFFFF29FFFFFF43FFFF0000464600000000FF50500AFFFF3CFF - DD6D2A2A2A2A6D0000FFFFFF00FFFF6262FFFFFF000000DFFFFF9F9FFFFF08081B1B13131313FFFFFF29FFFFFF43FFFF0000464600000000FF50500AFFFF3D00 - -1
B5352FFFFFFFFFCACAF6D28C8C8C8C8C757500000FFFFFFFFF0000FF4F4F4F4FFFFF00000000000000000000FFFF6565650000000000000000000000FFFFFFF7 - B5352FFFFFFFFFCACAF6D28C8C8C8C8C757500000FFFFFFFFF0000FF4F4F4F4FFFFF00000000000000000000FFFF6565650000000000000000000000FFFFFFF5 - 2
F9F9F9ABABAB333300D0D0D0D0F5FF9E9E3131F5F5FFFF004A4A009FE3FFFFFFFFFFFFB8B8B82E41FFFFFF00006868FF7272720303FF0500000000002828676F - F9F9F9ABABAB333300D0D0D0D0F5FF9E9E3131F5F5FFFF004A4A009FE3FFFFFFFFFFFFB8B8B82E41FFFFFF00006868FF7272720303FF0500000000002828676A - 5
FFFFFFFF4DFFEBEBFFFFFF0000FFFFFFFFFFFFFF0000000000FFFFFFFFFFFFFF27003700000000FF6B6B6B6B6B00000000000000585858580000FF0000008999 - FFFFFFFF4DFFEBEBFFFFFF0000FFFFFFFFFFFFFF0000000000FFFFFFFFFFFFFF27003700000000FF6B6B6B6B6B00000000000000585858580000FF000000898D - C
D2D2D2D2D2FF000000FFFFFFFFFFFFFFFFFF21212100C700E800005FE5E5E54141410000B1B1FFB1B1B16E6EFFFF0000E1FFFFFFFFFFFFF90000CFCFCFCFCFEF - D2D2D2D2D2FF000000FFFFFFFFFFFFFFFFFF21212100C700E800005FE5E5E54141410000B1B1FFB1B1B16E6EFFFF0000E1FFFFFFFFFFFFF90000CFCFCFCFCFD4 - 1B
C84848FF00000000000000000000003300000000323232000000FFFF000000E470000000000000003B3B00A9A9A9A9FFFFFF62FFFFFFE2E2E2FFFF00C5DB00FF - C84848FF00000000000000000000003300000000323232000000FFFF000000E470000000000000003B3B00A9A9A9A9FFFFFF62FFFFFFE2E2E2FFFF00C5DB0105 - -6
D8D8D8D8D8D8D80000FF0000FFFFFFFF91000000FFFF000000000004E4DFDFDF9A9AFFFFFFFFFFFFFF00FFFF00000000000000FFFFC7C7C7FFFFFFFFFFFFFFFF - D8D8D8D8D8D8D80000FF0000FFFFFFFF91000000FFFF000000000004E4DFDFDF9A9AFFFFFFFFFFFFFF00FFFF00000000000000FFFFC7C7C80000000000000006 - -7
FFFFFFFFE3E3E3E3E3FFFFFF8CFFFF130000000068FF213A3A3A3A3A000000FFFFFFFFFFFF000000FF7878000000000000000000000000000000FFB8B800FFFF - FFFFFFFFE3E3E3E3E3FFFFFF8CFFFF130000000068FF213A3A3A3A3A000000FFFFFFFFFFFF000000FF7878000000000000000000000000000000FFB8B8010007 - -8
AB1E1E6060608D8D00FFFFFFFFFFF5F5000000004646FFD6D6D6D6D6D6000000FF72FFA5A5000000FF0606FFFFFFFFFF00C850505034FFAEAE16161631310200 - AB1E1E6060608D8D00FFFFFFFFFFF5F5000000004646FFD6D6D6D6D6D6000000FF72FFA5A5000000FF0606FFFFFFFFFF00C850505034FFAEAE16161631310009 - 1F7
99000048009900000000FFFF00000000001CFFFF5E5E5E5E00FFFFFFFFFFFFFFFFFFFFFFA3A3FF0000000000B6B600000000FFFF0000FF00ECFFFFFFE4E4E400 - 99000048009900000000FFFF00000000001CFFFF5E5E5E5E00FFFFFFFFFFFFFFFFFFFFFFA3A3FF0000000000B6B600000000FFFF0000FF00ECFFFFFFE4E4E40A - -A
FFFFFFFFFFFFFFFFFFD5D5D55A5A5AFF3300FF00151515151517FFFF000000000000000000DA78787878FF82FFFF606000FFFF0000FFFFB3B33939393939FCFC - FFFFFFFFFFFFFFFFFFD5D5D55A5A5AFF3300FF00151515151517FFFF000000000000000000DA78787878FF82FFFF606000FFFF0000FFFFB3B33939393939FD07 - -B
DBDBFFFF890000000000B4B46300FFFF00C7C7FFFF0000000000FF000000FF00000000F7F780FFFFB7F6FFFFFFFF1717FFFFFFAAB0B0B0B04AFFFFFFFFFFD200 - DBDBFFFF890000000000B4B46300FFFF00C7C7FFFF0000000000FF000000FF00000000F7F780FFFFB7F6FFFFFFFF1717FFFFFFAAB0B0B0B04AFFFFFFFFFFC20C - FF4
DADADA000000FF00000000D8D8D8D866D9D9D9D978FFFFFFFFFFFFFF00000000FFFFFFFFFFFFFF00000086FFFF74745AFFBEBE676767676700FF00000000F7D7 - DADADA000000FF00000000D8D8D8D866D9D9D9D978FFFFFFFFFFFFFF00000000FFFFFFFFFFFFFF00000086FFFF74745AFFBEBE676767676700FF00000000D7E4 - 1FF3
FFFFFFFFFFFFFFFFFF000000FF700000AA0000FFFFFFFFFFFF00B8B8B8B8B8B8000000FFFFE8FFFF878787871B1B1B1B1B3E3E0047FFFFFFFFFF00FFFFFF7F00 - FFFFFFFFFFFFFFFFFF000000FF700000AA0000FFFFFFFFFFFF00B8B8B8B8B8B8000000FFFFE8FFFF878787871B1B1B1B1B3E3E0047FFFFFFFFFF00FFFFFF7F0E - -E
A3959700FFFFFF2B2B2B2B0000000000FFFFFFFF0000000000FFFFFF00000000E2FAFFFF0000000000000000FF37C90000FF0000002E2E2EFF9CFFFF00FFFF98 - A3959700FFFFFF2B2B2B2B0000000000FFFFFFFF0000000000FFFFFF00000000E2FAFFFF0000000000000000FF37C90000FF0000002E2E2EFF9CFFFF00FFFFA7 - -F
8C00FFFFFF5A5A05050505FFFF00FFFFFFFFFFFFFFFFFF00C9C9FFFFFF54545400500000000B0B0B060606FFFFFFFFFF00000000FFFFFFFF000000FFFFFFFFFF - 8C00FFFFFF5A5A05050505FFFF00FFFFFFFFFFFFFFFFFF00C9C9FFFFFF54545400500000000B0B0B060606FFFFFFFFFF00000000FFFFFFFF000001000000000F - -10
800000DCDCBDBDFFFFFF00FFFF008BFF5E009797E32D000000FFD89292000000000000A4A42929FF9DC8EDFFFFFFFFFFFFFF00FF00FFFFFFFFFFFFFFFFFF0000 - 800000DCDCBDBDFFFFFF00FFFF008BFF5E009797E32D000000FFD89292000000000000A4A42929FF9DC8EDFFFFFFFFFFFFFF00FF00FFFFFFFFFFFFFFFFFF0011 - -11
80000000006A000000008585DADADADADAFFFF000000FFFFFFFFFFFFFF0000FFFFFFFFFF7EFFFF0C0C0C0CFFFFFF9B0000000000007C7CD90000000044FFFF00 - 80000000006A000000008585DADADADADAFFFF000000FFFFFFFFFFFFFF0000FFFFFFFFFF7EFFFF0C0C0C0CFFFFFF9B0000000000007C7CD90000000044FFFF12 - -12
F48700BFBFBF1F00000000007ACB1B00000000FF030303030303EFEFE1E1E1E1E1000000000000FFFFFF1C5E005B842D2D2D2D004B4BFFE3FFFF000000080023 - F48700BFBFBF1F00000000007ACB1B00000000FF030303030303EFEFE1E1E1E1E1000000000000FFFFFF1C5E005B842D2D2D2D004B4BFFE3FFFF000000000036 - 7FFED
B200FFFFFFFFFFFF00000000000000FF00F8F8FFFF000000000000BBBBBB2B2BFF8282FEFEFEFEFE3F3D3D00000000000000008AFF1BFBFB0000000000100000 - B200FFFFFFFFFFFF00000000000000FF00F8F8FFFF000000000000BBBBBB2B2BFF8282FEFEFEFEFE3F3D3D00000000000000008AFF1BFBFB0000000000000014 - FFFEC
89090909DEDEDEDE04161616161600FEFEFE000000142FFFFFD8D8D8D8D8D80000000007FFFFFF555555FFFFFF00000000000000FFFFFFFFFFFF00008460FFFF - 89090909DEDEDEDE04161616161600FEFEFE000000142FFFFFD8D8D8D8D8D80000000007FFFFFF555555FFFFFF00000000000000FFFFFFFFFFFF000084410014 - 1FFFEB
E26200FFFFFFFFFFB3B3B3B3C0C046FFFFAAFFDBDBDBDBF5FFFFFFFFFF0000FF35FFFFFF00FFFFFF15D913130000006BFFFFFFFF5F00000000000000004095C1 - E26200FFFFFFFFFFB3B3B3B3C0C046FFFFAAFFDBDBDBDBF5FFFFFFFFFF0000FF35FFFFFF00FFFFFF15D913130000006BFFFFFFFF5F00000000000000000095D7 - 3FFFEA
A82828FF1C1CAB93FF5454007C7C7CE4E4E4FFFFFFFF0000FF1400FFFFFFFF22222213C0C02121000000000000FF3333FF0000000040400000FFFFFFFF800000 - A82828FF1C1CAB93FF5454007C7C7CE4E4E4FFFFFFFF0000FF1400FFFFFFFF22222213C0C02121000000000000FF3333FF0000000040400000FFFFFFFF000017 - 7FFFE9
FFFFFFFFFF1F1FFFFF0000FFFFFFFFAF00FF00FF181800FF6060000000000000005FFF53535353FFFFFF1D0000DCDC0505B7B7FF0000AE2800B0B0B0B1B0B0FF - FFFFFFFFFF1F1FFFFF0000FFFFFFFFAF00FF00FF181800FF6060000000000000005FFF53535353FFFFFF1D0000DCDC0505B7B7FF0000AE2800B0B0B0B0B0B117 - FFFFE8
80FFFFFF5900FF0000FF00006868F9F9FFFFFFFF0000000000000024242424FF006262FFFFFF252525252525000000000000686878FFFFFF00CB00ADAFADFF00 - 80FFFFFF5900FF0000FF00006868F9F9FFFFFFFF0000000000000024242424FF006262FFFFFF252525252525000000000000686878FFFFFF00CB00ADADADFF19 - 1FFFFE7
80FE007272FFFFFFFFFFFF7F7F7FFFFFFFFFFF00000000FFFFFFFFFFFFFFFFFF0200000000004040FFFF32FFFFA1FFFFFF005757FFFFFFFFFFFFFFFFFF000000 - 80FE007272FFFFFFFFFFFF7F7F7FFFFFFFFFFF00000000FFFFFFFFFFFFFFFFFF0200000000004040FFFF32FFFFA1FFFFFF005757FFFFFFFFFFFFFFFFFF00001A - -1A
B8FF6447FFDE0000FFFFFFFFFFFFFF2222E0E0FFFFFF00FF1B1BFFFFFFFF0000F7000000000000007C7C7CFFFF00000000A3A375757500FFFFFF000008659141 - B8FF6447FFDE0000FFFFFFFFFFFFFF2222E0E0FFFFFF00FF1B1BFFFFFFFF0000F7000000000000007C7C7CFFFF00000000A3A375757500FFFFFF00000065915C - 7FFFFE5
9191919191FFFF006161FFFFFFFFEFEF0000FF00FFFFFFFF4646000000FFFF88880000FF0600A4A4A4FF00FFB3CDCDFA00E5FFFF00000000FF003900100000FF - 9191919191FFFF006161FFFFFFFFEFEF0000FF00FFFFFFFF4646000000FFFF88880000FF0600A4A4A4FF00FFB3CDCDFA00E5FFFF00000000FF0039000000011B - FFFFFE4
DBDB00000000000000000000FF3500B058FF00FFFFFFFFFFFFFFFF000000FFFF4242424242FF00A3A3A3FFFFFFA6FF23230000A900FFFFFFFF00000020610000 - DBDB00000000000000000000FF3500B058FF00FFFFFFFFFFFFFFFF000000FFFF4242424242FF00A3A3A3FFFFFFA6FF23230000A900FFFFFFFF0000000061001D - 1FFFFFE3
FFFFFFFFFF000000E7FFFFFFFF5CE3C6C60034343434FFFF0000E4CC00000000000033FFFFFFFFFFFFFFFFD3FF0000000000000000FFFFFFFF7800FF5D5D00DB - FFFFFFFFFF000000E7FFFFFFFF5CE3C6C60034343434FFFF0000E4CC00000000000033FFFFFFFFFFFFFFFFD3FF0000000000000000FFFFFFFF7800FF5D5D00F9 - -1E
E00058EEEEFFFFFFFFFFFFFFFF00FFFFFF0000000000000000FC3000000000B4FFFFFFFFA500FF006E6E00BC0000000000C372FFFF006CFFFFFFFFFFA0A000B1 - E00058EEEEFFFFFFFFFFFFFFFF00FFFFFF0000000000000000FC3000000000B4FFFFFFFFA500FF006E6E00BC0000000000C372FFFF006CFFFFFFFFFFA0A000D0 - -1F
DFDFDFFFA1600000FFFF00000000000000FF0000000000001CF6F6F6000042FF00FFFFFFFFFFFFFFFFFFFFFFFFFF0046000033FFFFFFFF00FF0000FFFFFFFFFF - DFDFDFFFA1600000FFFF00000000000000FF0000000000001CF6F6F6000042FF00FFFFFFFFFFFFFFFFFFFFFFFFFF0046000033FFFFFFFF00FF0001000000001F - -20
800084840000BF00FFFFFFFFFFFFFFFFFFFFFFFFFFFFFFFFFFFF000000FF001E18FF5A0000FF707000FFFFFF000000000000D8CFCF8181FFFFFFFFFF001BFFFF - 800084840000BF00FFFFFFFFFFFFFFFFFFFFFFFFFFFFFFFFFFFF000000FF001E18FF5A0000FF707000FFFFFF000000000000D8CFCF8181FFFFFFFFFF001C0020 - -21
9D1D1D00000000DF000000FFFFFFFF0000C8FFFF000000FFFFC1FFFF00A3A300FFFFFFFFFFFF0000000000000000000062620000A1FFFF8787A41F1F1F1FDADA - 9D1D1D00000000DF000000FFFFFFFF0000C8FFFF000000FFFFC1FFFF00A3A300FFFFFFFFFFFF0000000000000000000062620000A1FFFF8787A41F1F1F1FDAFC - -22
BABABABAFFBC7878FFFFFFFFFFFFFF008EF4F4002500FFFFFFABABD54444008686C10000008F8F8F8F8F8FFFB2DBDBFFFFFF00848484FFFFFFFFFF4B4B4B4B4B - BABABABAFFBC7878FFFFFFFFFFFFFF008EF4F4002500FFFFFFABABD54444008686C10000008F8F8F8F8F8FFFB2DBDBFFFFFF00848484FFFFFFFFFF4B4B4B4B6E - -23
80000000000000000000000000FF5FCEFF00000000000000FFFFFFFF000000E03434FFFFFFFFFFFFFFFFFFFFFFFFD22D2D2D9B9B00FFFFFFFF085A1000828A8A - 80000000000000000000000000FF5FCEFF00000000000000FFFFFFFF000000E03434FFFFFFFFFFFFFFFFFFFFFFFFD22D2D2D9B9B00FFFFFFFF085A0000828AAE - FFFFFFFDC
800EFFFFFFFFD1FFFFFFFF6E1260FFE6E69A9A00FF2CFFFFFFFFFFFFFF00BE00FFFFFFFFFFFFFF00000000FE00000000000000000000FFFFFFFFFF200000F200 - 800EFFFFFFFFD1FFFFFFFF6E1260FFE6E69A9A00FF2CFFFFFFFFFFFFFF00BE00FFFFFFFFFFFFFF00000000FE00000000000000000000FFFFFFFFFF000000F225 - 1FFFFFFFDB
A07DFFFFFF00FFFF440000000000FFFFFFFFFF4040FFFFFFFFC87F7F7F7F7F7F7F0000FFFFFFFF9B9B9BFF009B8383838383FF00000004CA0000A64000000000 - A07DFFFFFF00FFFF440000000000FFFFFFFFFF4040FFFFFFFFC87F7F7F7F7F7F7F0000FFFFFFFF9B9B9BFF009B8383838383FF00000004CA0000A60000000026 - 3FFFFFFFDA
B760CF0000FF5D5D5D5D5D006D8282008FFFFFFF000000FFFF00005FDA4A10FFFFFFFFFFFFFFFFFFFF8FFFFFFFFF50D3C5C5C5C5C5C5FF00890020A08686DA7A - B760CF0000FF5D5D5D5D5D006D8282008FFFFFFF000000FFFF00005FDA4A10FFFFFFFFFFFFFFFFFFFF8FFFFFFFFF50D3C5C5C5C5C5C5FF00890020208686DAA1 - 7FFFFFFFD9
F4FFFFFF005DFF17171717FFFFFFFF27FFFFFFD2D2D2A6FFFFFF3B3BFFFFFFFFFFFFFF5555F4F4171742424200FF00FFFFFF4C34FFFFA9FFFF31FFFF00939393 - F4FFFFFF005DFF17171717FFFFFFFF27FFFFFFD2D2D2A6FFFFFF3B3BFFFFFFFFFFFFFF5555F4F4171742424200FF00FFFFFF4C34FFFFA9FFFF31FFFF009393BB - -28
F1717171FFFFFF83000000000000FFFFFF5656FF3B000000FFFFFFFFFFFF88886D00FF00FF000000DEA8A8A8A81414FF0000000000000000000002B1B1B1FFFF - F1717171FFFFFF83000000000000FFFFFF5656FF3B000000FFFFFFFFFFFF88886D00FF00FF000000DEA8A8A8A81414FF0000000000000000000000B1B1B20028 - 1FFFFFFFFD7
FF0000000000000000000000FFFFFFA4A4FFCC000000FF98988300B0B0B0FF297272727200FFFFFFFFFFFFFFFFFF13131313FFFFFFFFFF77FFFFFF7E7E7E4A00 - FF0000000000000000000000FFFFFFA4A4FFCC000000FF98988300B0B0B0FF297272727200FFFFFFFFFFFFFFFFFF13131313FFFFFFFFFF77FFFFFF7E7E7E4A2A - -2A
EDEDEDEDFF00C2000000FFFF00000000000000000000000000B8B8B8B8B895000000FFFFFF000000000000000000FF00F8F8FFFFD40000F3FFFFFF4949494C4C - EDEDEDEDFF00C2000000FFFF00000000000000000000000000B8B8B8B8B895000000FFFFFF000000000000000000FF00F8F8FFFFD40000F3FFFFFF4949494C77 - -2B
FFD2FFFFFFA374747474FFFFFFFFFFFFFFFFFFFFFFFF000000FFFF00000000FF7E7EFFFF0000000000FF00FFEF656565FFFFFFDC000000FF000078FFFFFFFFFF - FFD2FFFFFFA374747474FFFFFFFFFFFFFFFFFFFFFFFF000000FFFF00000000FF7E7EFFFF0000000000FF00FFEF656565FFFFFFDC000000FF000079000000002B - -2C
80FFFF7BDC3167670BFFB1B16EFF2E2EFF00FF000000000000FFFFFF0000FF00FFFFC5C5C5FFFFFF2B007D000000E0C4C49292920000DADADA787878FF0000FF - 80FFFF7BDC3167670BFFB1B16EFF2E2EFF00FF000000000000FFFFFF0000FF00FFFFC5C5C5FFFFFF2B007D000000E0C4C49292920000DADADA787878FF00012C - -2D
8000FF001818B9B9B9B99C9C9D00FFFF0000000000000000000000A8A8A82E2EFF3EFFFFFFFFFFFF6A6AFFFF00000000FFFFFF560000000000FFC9C9FFFFFF00 - 8000FF001818B9B9B9B99C9C9D00FFFF0000000000000000000000A8A8A82E2EFF3EFFFFFFFFFFFF6A6AFFFF00000000FFFFFF560000000000FFC9C9FFFFFF2E - -2E
FF00007F7F7F7F7F0000FFFFFFFFFFFFFFFFFFFF1B1B1B00000000008F00FFFFFFFFFF9D9D9D000000F000005C5C5C5C00FFFFFFF0173FE400E4FFFFFF62FFFF - FF00007F7F7F7F7F0000FFFFFFFFFFFFFFFFFFFF1B1B1B00000000008F00FFFFFFFFFF9D9D9D000000F000005C5C5C5C00FFFFFFF0173FE400E4FFFFFF63002E - -2F
A500000000B6FFFFFF0C0CFF00FF84000000C2C20000FFFF0000CFCF000000BE000000000000FFFFFF00007FFFFFFFFF0000FFFF007D7D7D7D7D8A8A8ACCCCFF - A500000000B6FFFFFF0C0CFF00FF84000000C2C20000FFFF0000CFCF000000BE000000000000FFFFFF00007FFFFFFFFF0000FFFF007D7D7D7D7D8A8A8ACCCD2F - -30
8EFFFFFFFFFFFFFF6D6D0000FFFF3A3AF6FF000000AAAAFFFFFF00F0F0F0F0FFFFA4FFFFFF00FFFF00FFFFFFFFFFFF000000FFFFFFFFDCDC57579D9DFFFFFFFF - 8EFFFFFFFFFFFFFF6D6D0000FFFF3A3AF6FF000000AAAAFFFFFF00F0F0F0F0FFFFA4FFFFFF00FFFF00FFFFFFFFFFFF000000FFFFFFFFDCDC57579D9E00000030 - -31
8EFFFFFFFFFFFFFF6D6D0000FFFF3A3AF6FF000000AAAAFFFFFF00F0F0F0F0FFFFA4FFFFFF00FFFF00FFFFFFFFFFFF000000FFFFFFFFDCDC57579D9DFFFFFFFF - FFFF9C9C9C00474747476C6C6CFFFFFFFFFF252525252525FFFFFF0000097BD0E1000000FF7AFF000000FF79C16464000000 - 8EFFFFFFFFFFFFFF6D6D0000FFFE3A3B5A6263FFB96363B8939293F0F0F0F100DA7FDADAD9DAFFFF01FFFFF6842F1E000000008500FFDCDB57DDDC399BFFFFFF
8EFFFFFFFFFFFFFF6D6D0000FFFF3A3AF6FF000000AAAAFFFFFF00F0F0F0F0FFFFA4FFFFFF00FFFF00FFFFFFFFFFFF000000FFFFFFFFDCDC57579D9DFFFFFFFF - -14D4D4D4D00FF5454FF26FFFFFFF1FF56564F4FFFFF000000004A4AB9B9C8FFFFBABABABABAFFFFFF0000FFFF8181810000FF - 8EFFFFFFFFFFFFFF6D6D000100008788444C00FF54FFAA26FFFF00E2F047474F4FA4FEFFFF0100494BB9B9C8FFFFB9BABABBBAFFFFFEDCDD57571F1F810000FE
-8EFFFFFFFFFFFFFF6D6D0000FFFF3A3AF6FF000000AAAAFFFFFF00F0F0F0F0FFFFA4FFFFFF00FFFF00FFFFFFFFFFFF000000FFFFFFFFDCDC57579D9DFFFFFFFF - 3FFFFFF0000000000FFFFFFFFFFFFFFFF000000000000000000000000B0B00EFFFFFFFFFFFFFFFFE5FFFFFFFF0000000000FF - -8EFFFFFFFFFFFFFF6D6D000100033A3AF5FF000000ABAAFFFFFF00F0F0EFF0FFFFA4FFFFFF00FFFF0100B0B00EFFFF000000FFFFFFE5DCDC57569D9E000000FE
-8EFFFFFFFFFFFFFF6D6D0000FFFF3A3AF6FF000000AAAAFFFFFF00F0F0F0F0FFFFA4FFFFFF00FFFF00FFFFFFFFFFFF000000FFFFFFFFDCDC57579D9DFFFFFFFF - -7FF0EFFFFFFFFFFFFA5A50006D9D9D9FF00D8D8D87676760F00000000FFFFFF151515FFFFFF00000000A3FFCBCBCBCBCBCBFF - -8EFFFFFFFFFFFFFF6D6D0000FFF73B2BF6FF000000AB055AFFF8271716F1F02726CC898988F1FFFF00FF000000EAE9EA000100FFFFFFDC38578BD1D234343400
8EFFFFFFFFFFFFFF6D6D0000FFFF3A3AF6FF000000AAAAFFFFFF00F0F0F0F0FFFFA4FFFFFF00FFFF00FFFFFFFFFFFF000000FFFFFFFFDCDC57579D9DFFFFFFFF - 9933333FFFFFF0000FFFFFFFFFF0000FFFFFF00FFFF00000000000000FF94FFFF9999995151FFFFFFFFFFFFD0FF0606A3A3B3 - 8EFFFFFFFFFFFFFF6D6D0000FFF5A707C2FF000100A9AAFFFFFF01F0EFF0F100FEA500FFFF00FFFF00FF006B0000656666AFADFFFFFFDCDC57869E97F95C5C4C
8EFFFFFFFFFFFFFF6D6D0000FFFF3A3AF6FF000000AAAAFFFFFF00F0F0F0F0FFFFA4FFFFFF00FFFF00FFFFFFFFFFFF000000FFFFFFFFDCDC57579D9DFFFFFFFF - -13D3D3D3D3D3FFFFFF007E7E7E037575FF575757579CFFFFFFFFFFFFFFFFFFFFA9A90000000000000000FF00000000FFFFFFFF - 8EFFFFFFFFFFFFFF6D6D000100130E0ECAD2D40000A9AB7E7E7D046666F0485756FC9CFFFF00FFFF00FFFFFFFFA9A8000000FFFFFFFFDDDB57579D9EFFFFFFFE
-8EFFFFFFFFFFFFFF6D6D0000FFFF3A3AF6FF000000AAAAFFFFFF00F0F0F0F0FFFFA4FFFFFF00FFFF00FFFFFFFFFFFF000000FFFFFFFFDCDC57579D9DFFFFFFFF - 3FFF00FFFFFFFF3D3D3D3DFFFFFFFFFFFF000000FF00000055555555AFAF00000022FFFF0F0FFF00FFFFFFFF00000000000000 - -8EFFFFFFFFFFFFFF6D6D0001003F393BF6FEFFFF3DE7E83DFFFF00F0F0EFF10000A3FFFFFF56555456AFAF00000021FFFF100FFF00FFDCDC56579D9DFFFFFFFF
-8EFFFFFFFFFFFFFF6D6D0000FFFF3A3AF6FF000000AAAAFFFFFF00F0F0F0F0FFFFA4FFFFFF00FFFF00FFFFFFFFFFFF000000FFFFFFFFDCDC57579D9DFFFFFFFF - -7FFFFFFFFFD80808FF000000000000002828282828FFFFFFFF464650FFD6D6D600FF00006AE0E017FFFF00000000000000FFFF - -8EFFFFFFFFFFFFFF6D6D0000FF7F3A3AF6FF27F7F7ABAAFFFFFF00F0F0C8C8D7D77BFFFFFF01B9B8B000292929FEFFFFFF961F1FE7FFDDDC57579D9DFFFF0000
8EFFFFFFFFFFFFFF6D6D0000FFFF3A3AF6FF000000AAAAFFFFFF00F0F0F0F0FFFFA4FFFFFF00FFFF00FFFFFFFFFFFF000000FFFFFFFFDCDC57579D9DFFFFFFFF - B700280000000000BBBBBBBBBB590000005454FFFF00000000C8C8C8FFFFFFFFFFFF6AC6C600000000FF00FFFF004983737373 - 8EFFFFFFFFFFFFFF6D6D0000FF483A12F6FEFFFFFFEEEF444443A7F0F0F09CAAFFA5FFFFFF00373637FFFFFFFFFFFF95393AFFFFFFFEDDDB57589D547C8C8C8C
8EFFFFFFFFFFFFFF6D6D0000FFFF3A3AF6FF000000AAAAFFFFFF00F0F0F0F0FFFFA4FFFFFF00FFFF00FFFFFFFFFFFF000000FFFFFFFFDCDC57579D9DFFFFFFFF - -16600FFFFFFFFFFFFFFFFFFFFFFFF0000000000FFFFFF00FFFFFFFF83FFFF00FF50EBEB6D6D6D6DFFE9E9E9FFFFFFFF51515151 - 8EFFFFFFFFFFFFFF6D6D000101653B3AF6FF000000AAAAFFFFFEFFF0F0F0F100FFA4FF00FF00FFFE84FFFF00FF50EAEB6D6E6D6DFFE9C6C657579D9D51515150
-8EFFFFFFFFFFFFFF6D6D0000FFFF3A3AF6FF000000AAAAFFFFFF00F0F0F0F0FFFFA4FFFFFF00FFFF00FFFFFFFFFFFF000000FFFFFFFFDCDC57579D9DFFFFFFFF - 3FF00000000FFFF797979FFFFFFFFFFFFBDBDBD141475C400000000FFFF003C000000FFFFFFFFFFFFFFFFFF3E3E3E3E8E8E8E8E - -8EFFFFFFFFFFFFFF6D6D000103FE3A3AF6FFFFFF7A2424FFFFFF00F0F0AEAEBD13B975C3FF01000000FF003C000000000000FFFFFFFFDCDB9595DBDC8E8E8E8D
-8EFFFFFFFFFFFFFF6D6D0000FFFF3A3AF6FF000000AAAAFFFFFF00F0F0F0F0FFFFA4FFFFFF00FFFF00FFFFFFFFFFFF000000FFFFFFFFDCDC57579D9DFFFFFFFF - -7FFFFFF00FFFF000000FF3333FF00007C7CFFB3B300000000000000000000FFFFFFFFFFFF38FFFF00000000009D9D9D9DFFFFFF - -8EFFFFFFFFFFFFFF6D6D0000F7FF3A3BF5FF010000A9ABCCCC0000F07473F14C4CA4FFFFFF00FFFF00FFFEFFFFFFFF0000C80000FFFFDCDC56BA000062000000
8EFFFFFFFFFFFFFF6D6D0000FFFF3A3AF6FF000000AAAAFFFFFF00F0F0F0F0FFFFA4FFFFFF00FFFF00FFFFFFFFFFFF000000FFFFFFFFDCDC57579D9DFFFFFFFF - FE7E7E7E7000081FFDA000000FFFFFFFFFF1A1A1A1A1A00A0001E1E00FFFFFFFF000000FF00E0E0E0E0FFFFFFFFFFFFFFA7A700 - 8EFFFFFFFFFFFFFF6D6D0000F01752530FFEFF7E00D0AAFFFEFF00F0F0F1D6E5E58AE5FF5F00E1E10000000000FFFEFF01001F1F1F1EDCDC57579D9E005858FF
8EFFFFFFFFFFFFFF6D6D0000FFFF3A3AF6FF000000AAAAFFFFFF00F0F0F0F0FFFFA4FFFFFF00FFFF00FFFFFFFFFFFF000000FFFFFFFFDCDC57579D9DFFFFFFFF - -1CF4353535CA00000074FF000000000000000000000000FFFFFF000000FFFF00FFFFFFFFFFFF0000FF830000FFFFFF0000006A00 - 8EFFFFFFFFFFFFFF6D6D00011CF36F702CC90000011FA9FFFFFF00F0F0F0F0FFFFA500FFFEFFFFFF01FFFF00FFFFFF0000000000FF82DCDD57579C9E000069FF
-8EFFFFFFFFFFFFFF6D6D0000FFFF3A3AF6FF000000AAAAFFFFFF00F0F0F0F0FFFFA4FFFFFF00FFFF00FFFFFFFFFFFF000000FFFFFFFFDCDC57579D9DFFFFFFFF - 208BADAD00001DFF0000000000BD00FFFF0000FFFFFF000000000000C3C3C30000000000FFFF0000FFFFFF94FFFFFFFFFFFF00FF - -8EFFFFFFFFFFFFFF6D6D0001208AE7E7F6FF1DFF00AAAB0000BC01F0EFF0F1FFFFA3FFFFFF00FFFFC4C3C2FFFFFFFF0100000000FFFFDC7157579D9DFFFF00FE
-8EFFFFFFFFFFFFFF6D6D0000FFFF3A3AF6FF000000AAAAFFFFFF00F0F0F0F0FFFFA4FFFFFF00FFFF00FFFFFFFFFFFF000000FFFFFFFFDCDC57579D9DFFFFFFFF - -5F00000000000000F2FFCE0000000000000000FFFFFFFFFFFF1C00008383FFFFFF003131310000E6E6FF0000FF52525200FFFF97 - -8EFFFFFFFFFFFFFF6D6D0000A0FF3A3AF6FEFFFF0DAADCFFFFFF00F0F0F0EFFFFFA4FFFFFFE4FFFE7D7C000000FFCDCECF00FF191900DCDB58054B4BFF000068
8EFFFFFFFFFFFFFF6D6D0000FFFF3A3AF6FF000000AAAAFFFFFF00F0F0F0F0FFFFA4FFFFFF00FFFF00FFFFFFFFFFFF000000FFFFFFFFDCDC57579D9DFFFFFFFF - 800000B90C00FFFFFFFFFFFFFFFFFFFF00878787878798D2D2D2FFFFFF7F000000000070FFFF00C6C6C6C6D0000000FFFF004FFF - 8EFFFFFFFFFFFFFF6D6D00007FFF3981EAFE000000AAAAFFFFFF00F1F0696978781D672D2C2DFFFF0180FFFFFFFFFE8F0001FF393939160C57579C9E00FFB000
8EFFFFFFFFFFFFFF6D6D0000FFFF3A3AF6FF000000AAAAFFFFFF00F0F0F0F0FFFFA4FFFFFF00FFFF00FFFFFFFFFFFF000000FFFFFFFFDCDC57579D9DFFFFFFFF - -100000000000000000000000000DB6F6F0000000000007CFFFFFF7CFFFFFFFFFFFF5B5B00000057900F3D3DFFFF8747C900FFD0D0 - 8EFFFFFFFFFFFFFF6D6D0001FFFF3A3AF6FF000000AAAB0000DA705FF0F0F0FFFFA57CFFFF007CFF00FFFFFFFF5B5A00000157900F3D1ADC56DEE56700FFD0CF
-8EFFFFFFFFFFFFFF6D6D0000FFFF3A3AF6FF000000AAAAFFFFFF00F0F0F0F0FFFFA4FFFFFF00FFFF00FFFFFFFFFFFF000000FFFFFFFFDCDC57579D9DFFFFFFFF - 3BDBDBDBDFFDDFFFFFF00D71D90905BFF0000000000FFFFFFFF0000006161610000D700FF000000FFFF2F2F2F00FFFFE900FFFFFF - -8EFFFFFFFFFFFFFF6D6D0004BDBCF7F8F6DCFFFFFFAB821D908F5CEFF0F0F10000A4FFFFFE00FFFF6261610000D6FFFF000100FFFF2F0C0B58579D8700FFFFFE
-8EFFFFFFFFFFFFFF6D6D0000FFFF3A3AF6FF000000AAAAFFFFFF00F0F0F0F0FFFFA4FFFFFF00FFFF00FFFFFFFFFFFF000000FFFFFFFFDCDC57579D9DFFFFFFFF - -7FFFFFF000000C4C4C4B8007220262600000000E6E6E6E6E6E6000000727242FFFFFFFFFFFFFFFF0000FFFF0F0F00000000F5F5F5 - -8EFFFFFFFFFFFFFF6D6CFFF8FFFF3B3AF6FE3B3B3BF2AA8DDFD8DAF0F0F0F01918BE19191900FFFE8E8DBCFFFFFFFF00000100FFFEFFDDCD48579D9DFF0A0A0A
8EFFFFFFFFFFFFFF6D6D0000FFFF3A3AF6FF000000AAAAFFFFFF00F0F0F0F0FFFFA4FFFFFF00FFFF00FFFFFFFFFFFF000000FFFFFFFFDCDC57579D9DFFFFFFFF - AFF00FFFFFFFFFFFF0909000000F1F14300FF14140000FFFFFFFFFFFFFF0000BE5050505050000000FFFF4500000707E4E4E4E42E - 8EFFFFFFFFFFFFFF6D6CFFF600FE3A3AF6FF0000F7A1AAFFFF0D0FADEFF1DCEBFFA3FFFFFF00FFFF01FFFF41AFAFAEAFB000FFFF000097DC575095B91B1B1BD1
8EFFFFFFFFFFFFFF6D6D0000FFFF3A3AF6FF000000AAAAFFFFFF00F0F0F0F0FFFFA4FFFFFF00FFFF00FFFFFFFFFFFF000000FFFFFFFFDCDC57579D9DFFFFFFFF - -1200000000000000000000FFFFFFFFFFFFFF0000000000C3000000000080000000FFFFFFFFFFFFFFFFFF12FF00FFFFFF0000FFFFFF - 8EFFFFFFFFFFFFFF6D6D0012FFFF3A3AF6FF000000ABAAFFFFFF00F0EFF0F0FFFFA5C2FFFF00FFFF81000000FFFFFF000000FFFFFF12DBDD57579C9E00FFFFFE
-8EFFFFFFFFFFFFFF6D6D0000FFFF3A3AF6FF000000AAAAFFFFFF00F0F0F0F0FFFFA4FFFFFF00FFFF00FFFFFFFFFFFF000000FFFFFFFFDCDC57579D9DFFFFFFFF - 276767FFFFFFFBFBC10000FFFF00000000727272A3A3FFFFFFACACACAC00002A2A2A2AFFF0F000000000FFFF52000000FFFFA5A5A5 - -8EFFFFFFFFFFFFFF6D6D002867673A3AF6FAFBC100ABAAFEFFFF00F1636363A3A3A4FFFFABADACAB01002A2A2A2AFEF0F001000000FFDC2E57579E9DFFA5A5A4
-8EFFFFFFFFFFFFFF6D6D0000FFFF3A3AF6FF000000AAAAFFFFFF00F0F0F0F0FFFFA4FFFFFF00FFFF00FFFFFFFFFFFF000000FFFFFFFFDCDC57579D9DFFFFFFFF - -7FFFE6E6E6009FFFFFFFFFFFFFFF00000000FFFFFF00FFFFFF282828287878000000000000FFFF00000000FFFFFFFFFF0000000000 - -8EFFFFFFFFFFFFFF6D6CFF8100185354F65F000000AAAB0000FF00F0EFF0F100FEA50000D6D8D7D68887FFFFFFFFFEFF0001FFFFFFFEDCDC57579E9DFFFFFFFF
8EFFFFFFFFFFFFFF6D6D0000FFFF3A3AF6FF000000AAAAFFFFFF00F0F0F0F0FFFFA4FFFFFF00FFFF00FFFFFFFFFFFF000000FFFFFFFFDCDC57579D9DFFFFFFFF - FFFFFFC5FF00FFFF969600FFFFFFA6A6A600FFFF171775790017171717178500FFFFFF00FFFFBBBBFFFFFFFFFFFFE7E7FFFFFFA300 - 8EFFFFFFFFFFFFFF6D6CFF00FFFF743BF5FF00696AA9AB0000585A4AEFF0F1E8E82F86FFE7E9E8E7E97AFF000000FE00004543FFFFFFDCDC576FB59E00005CFF
8EFFFFFFFFFFFFFF6D6D0000FFFF3A3AF6FF000000AAAAFFFFFF00F0F0F0F0FFFFA4FFFFFF00FFFF00FFFFFFFFFFFF000000FFFFFFFFDCDC57579D9DFFFFFFFF - -10000000DEBEB0000004949FFAFFFFFFFFF008888BD5D5DBFFCFF0000000000000000000000FF00009292FFF8F8E9E9FF0000000000 - 8EFFFFFFFFFFFFFF6D6D0100FFFF4826E1FF000049F4AAAFFFFF00EFF17979BD5D02BFFCFE00FFFF00FFFFFFFFFFFF00FF01009292FFD5D541419C9DFFFFFFFF
-8EFFFFFFFFFFFFFF6D6D0000FFFF3A3AF6FF000000AAAAFFFFFF00F0F0F0F0FFFFA4FFFFFF00FFFF00FFFFFFFFFFFF000000FFFFFFFFDCDC57579D9DFFFFFFFF - 2D6D6D6D6D6D6FFFFFF0000005F5F5F000050FF000000000000000000000000000011000000001C1C1C1C1C1C1C1C1CFFFFFFACACAC - -8EFFFFFFFFFFFFFF6D6D02D7D6D61111CDFEFFFF00AAAB5F5F5E00F141EFF0FFFFA4FFFFFF00FFFF0100000010FFFF00001D1C1C1C1BF8F873749D9DFFACACAB
-8EFFFFFFFFFFFFFF6D6D0000FFFF3A3AF6FF000000AAAAFFFFFF00F0F0F0F0FFFFA4FFFFFF00FFFF00FFFFFFFFFFFF000000FFFFFFFFDCDC57579D9DFFFFFFFF - -7AB94D3D3D3D3D3FF0060FFFF2EFFFFFFFF3535353535FFFFFFFFFFFFFF00006700E9FFFFFFFFFFF1F1F1F1F1F1F1FFFF558F8F8FFF - -8EFFFFFFFFFFFFFF6D6CF8556B2B6667232B00FF9FAAABD0FFFF00F1BBBBBBCAC9A4FFFFFF01000000FF98FF15FFFF0000010E0E0E0DEAEA65579E4870707000
8EFFFFFFFFFFFFFF6D6D0000FFFF3A3AF6FF000000AAAAFFFFFF00F0F0F0F0FFFFA4FFFFFF00FFFF00FFFFFFFFFFFF000000FFFFFFFFDCDC57579D9DFFFFFFFF - 82023232323FFFF8EFFFFFFFF00FF0A0A0A0ADAE3E3E3E300000053530000000000FFFFFF00FFFFFFFFB5B500FFFF008C0000000000 - 8EFFFFFFFFFFFFFF6D6CF7E0DCDC1716F6FF710000AAABFF00F4F6E6E6160D1C1BC1FFFFFEADACFF00FFFFFEFFFFFFFF000100004A4ADBDC5857119DFFFFFFFF
8EFFFFFFFFFFFFFF6D6D0000FFFF3A3AF6FF000000AAAAFFFFFF00F0F0F0F0FFFFA4FFFFFF00FFFF00FFFFFFFFFFFF000000FFFFFFFFDCDC57579D9DFFFFFFFF - -109D9D9D9DFFFF0000000000FFFFFFFFFFFFFFFFFFFFFFFFFF5300E6E6E600EEEEFFFFFFFFFF3737FFFF939300D3D3FFC8C8C8C8C8C1 - 8EFFFFFFFFFFFFFF6D6D109E9D9CD83AF5FF000000ABAAFFFFFF00F0F0F0F0FFFFA4FF52FFE7E6E501EEEEFFFFFFFEFF3738FFFF9392DDB02B576666C8C8C8C0
-8EFFFFFFFFFFFFFF6D6D0000FFFF3A3AF6FF000000AAAAFFFFFF00F0F0F0F0FFFFA4FFFFFF00FFFF00FFFFFFFFFFFF000000FFFFFFFFDCDC57579D9DFFFFFFFF - 3575FF4E4E4E4EFF140000001B008A8A2A00008787DCFFFFFFFF51F7FFFF0000000000002961610000000000000000E9FF0000FFFF00 - -8EFFFFFFFFFFFFFF6D6D3576FF4D888945FE140000AAC6008A892AF0F17878DCFFA4FFFF50F8FFFE01000000000028616100FFFFFFFFDCDC58419C9E00FFFEFF
-8EFFFFFFFFFFFFFF6D6D0000FFFF3A3AF6FF000000AAAAFFFFFF00F0F0F0F0FFFFA4FFFFFF00FFFF00FFFFFFFFFFFF000000FFFFFFFFDCDC57579D9DFFFFFFFF - -5515FF00003DE418FF62860000323232FFFFFFFFFFFF00FAFFFFFFD6FF00808080FFFF8D8DFFFFD9FFFFFFFFFFFF0000FF000505FFFF - -8EFFFFFFFFFFFFFF6D6CAAEB00FF39FD12E6009D7AAAAACDCDCC00F0F0F0F100FEA9FFFFFF2A00FE807F7F00007271000026FFFFFFFFDCDD57569E9DFAFA0000
8EFFFFFFFFFFFFFF6D6D0000FFFF3A3AF6FF000000AAAAFFFFFF00F0F0F0F0FFFFA4FFFFFF00FFFF00FFFFFFFFFFFF000000FFFFFFFFDCDC57579D9DFFFFFFFF - BC000000A2A25DBBBBFFFFFFFFFF5555555555FF8D00FFFFFF0000D4D4D4FFFFF6F6FFFFFF8A8A000000000010100047FFFFFFFF9797 - 8EFFFFFFFFFFFFFF6D6C4400FFFE97989943440000AAAB00AAA9AB9B9AF163FEFFA500FFFE2C2B2A01000908FFFFFF757600FFFFFFFFCCCC570F9D9E00006868
8EFFFFFFFFFFFFFF6D6D0000FFFF3A3AF6FF000000AAAAFFFFFF00F0F0F0F0FFFFA4FFFFFF00FFFF00FFFFFFFFFFFF000000FFFFFFFFDCDC57579D9DFFFFFFFF - -100F8F8F8F8F800FF000000000000000000BCBC0606F3FFFFFF6565FDFD000004008B8B8B000000FFFFFFFF5353533F3F303000FFFFFF - 8EFFFFFFFFFFFFFF6D6E00F9F8F83332F7FE000000AAAAFFFFFF01ADACF6F7F3FFA4FF6564FEFCFF0104008B8B8AFF000100FFFFFF53302F9696CDCE00FFFFFE
-8EFFFFFFFFFFFFFF6D6D0000FFFF3A3AF6FF000000AAAAFFFFFF00F0F0F0F0FFFFA4FFFFFF00FFFF00FFFFFFFFFFFF000000FFFFFFFFDCDC57579D9DFFFFFFFF - 3FFFFFFFFA2A2FFFFFFFFFFFFFFFFFFFFFFFF000093E5E58C8CCDCD0000000095000000FF5900FFFFFFFFFFFF000000FF000000000000 - -8EFFFFFFFFFFFFFF6D710000FFFEDCDDF6FF000000AAAAFFFFFF00EFF0F184E5E5318CCDCC00FFFF0195000000FF58010000FFFFFFFEDCDC58569D9DFFFFFFFF
-8EFFFFFFFFFFFFFF6D6D0000FFFF3A3AF6FF000000AAAAFFFFFF00F0F0F0F0FFFFA4FFFFFF00FFFF00FFFFFFFFFFFF000000FFFFFFFFDCDC57579D9DFFFFFFFF - -60E000000FFFFFFFFFFD3D300FFFFFF00FFFFFFFF05050505FFC4061EE9ECECEC656565650000FFFF00FFCEC0C06BF4F4000000000000 - -8EFFFFFFFFFFFFFF6D66F200FFFE3A3AF6FF002C2DA9AB0000FE00F0F0F1EBFAFA9F003BF8E2161214139A9A9A9AFEFF0001FF00313F1C7062639D9DFFFFFFFF
8EFFFFFFFFFFFFFF6D6D0000FFFF3A3AF6FF000000AAAAFFFFFF00F0F0F0F0FFFFA4FFFFFF00FFFF00FFFFFFFFFFFF000000FFFFFFFFDCDC57579D9DFFFFFFFF - E36FFDEDE9000000000181818181818FFFFFFFF57FFFFFFFFFFFF00000000000000FFFF000000FFFF0000000000FFFFFFFFFFFFFF0000 - 8EFFFFFFFFFFFFFF6D5EC9012120AA3AF6FEFFE7E89292E7E6FF00F0F198F0FFFFA50000FF00FFFF00FFFF0000FFFEFF0001FFFFFFFFDBDC57579D9E0000FFFF
8EFFFFFFFFFFFFFF6D6D0000FFFF3A3AF6FF000000AAAAFFFFFF00F0F0F0F0FFFFA4FFFFFF00FFFF00FFFFFFFFFFFF000000FFFFFFFFDCDC57579D9DFFFFFFFF - -1627FFFFFF000000CBCB3AFFFFFFFFFF000000007B0000FFFF0000FFFFFF0000F75E7373730000000000006565FFA5001C1C00FFFF0000 - 8EFFFFFFFFFFFFFF6D832800FFFE3A3AF7CACB3B00AAAAFFFEFF00F0F16BF100FFA40000FF00FEFF01F75E737372FF00000100006565DC815773B99EFFFEFFFF
-8EFFFFFFFFFFFFFF6D6D0000FFFF3A3AF6FF000000AAAAFFFFFF00F0F0F0F0FFFFA4FFFFFF00FFFF00FFFFFFFFFFFF000000FFFFFFFFDCDC57579D9DFFFFFFFF - 20FF6E6E6E6E6E6E00000000000000000000000000C25B5BFF0000FFC700EC0000FF858500000087878787E2FFFFFFFFFFFFFF00E4E400 - -8EFFFFFFFFFFFFFF6D8DFF6F6E6DA8A964FF000000AAAAFFFFFF00F0F0F1B35B5BA40000FEC800EB0100FF8584FFFF0087888787E2FFDCDC57579D9D00E4E3FF
-8EFFFFFFFFFFFFFF6D6D0000FFFF3A3AF6FF000000AAAAFFFFFF00F0F0F0F0FFFFA4FFFFFF00FFFF00FFFFFFFFFFFF000000FFFFFFFFDCDC57579D9DFFFFFFFF - -5C20E4E4FFFFFF0000FFFF0000B2B2B2FF00FFFFFFFFFFFF000000000000FFFFFFA200000000FFFFFFFFFAFAFF00000000000000CFFF00 - -8EFFFFFFFFFFFFFF6D10DF1C1AFF3A3BF6FE000100A9F84D4CFFFFF0F0F0F10000A4FFFFFF00FEFF01005DFFFFFFFE00000100050500DCDC57579D9DFF3000FF
8EFFFFFFFFFFFFFF6D6D0000FFFF3A3AF6FF000000AAAAFFFFFF00F0F0F0F0FFFFA4FFFFFF00FFFF00FFFFFFFFFFFF000000FFFFFFFFDCDC57579D9DFFFFFFFF - FFFFFFFFCB47FFFFFF91000404FFFF3A0411111111FFFFFF1300FF01D9000000000A0A0AFFFFFFFFFFA900774F4F4F9500007BFF3838D1 - 8EFFFFFFFFFFFFFF6C6D00010033F23AF6FF6EFFFCA5AB00C5FAEFDFDFDEF1000091FF00FD27FFFF00FFF5F5F4FFFF00000156FF88B08D8CC2579D2200C7C72E
8EFFFFFFFFFFFFFF6D6D0000FFFF3A3AF6FF000000AAAAFFFFFF00F0F0F0F0FFFFA4FFFFFF00FFFF00FFFFFFFFFFFF000000FFFFFFFFDCDC57579D9DFFFFFFFF - -1C642FFFFFFFF16166B00BEBEFFFF0000000000141414FFFFFFFFFFFFFFFFFF0000FFFF000000000000000000FFFF0000FFFFFFFFFFFFFF - 8EFFFFFFFFFFFFFF6F334300FFFF39510D6A00BEBFAAA9FFFFFF00F1050505FFFFA4FFFFFF00FFFE0100FFFEFFFFFF000001000000FFDBDC58579D9DFFFFFFFE
-8EFFFFFFFFFFFFFF6D6D0000FFFF3A3AF6FF000000AAAAFFFFFF00F0F0F0F0FFFFA4FFFFFF00FFFF00FFFFFFFFFFFF000000FFFFFFFFDCDC57579D9DFFFFFFFF - 3191919FF121212FFFF9898FFFFFFFFFFFF680000002C34000000000000000000000000000046570000FFFF0000AB9A0000000000000000 - -8EFFFFFFFFFFFFFF7086191AFF114C4DF6FE989900AAAAFFFFFE68F0F0F11D33FFA4FFFFFF00FFFF01000000000045570001FFFF0000887657579D9DFFFFFFFF
-8EFFFFFFFFFFFFFF6D6D0000FFFF3A3AF6FF000000AAAAFFFFFF00F0F0F0F0FFFFA4FFFFFF00FFFF00FFFFFFFFFFFF000000FFFFFFFFDCDC57579D9DFFFFFFFF - -7FF9191FFFFFFFFFFFFFFFF83FFFFFFFFFFFF31FFFFFFFFFF00FFFFFFFF000000FFFFFFE7E70000FF00FF3E3EFFFFFF530000FFFFFFFFB2 - -8EFFFFFFFFFFFFFF656D6E6EFFFF3A3AF6FF00007CAAAAFFFFFF01BEF0F0F10000A3FFFFFF01FFFF000000001818FEFF010000C1C0FFDCDD04579C9E0000004D
8EFFFFFFFFFFFFFF6D6D0000FFFF3A3AF6FF000000AAAAFFFFFF00F0F0F0F0FFFFA4FFFFFF00FFFF00FFFFFFFFFFFF000000FFFFFFFFDCDC57579D9DFFFFFFFF - F4A545400840000002C2C2C2C00FF0000000000C376000000D7D7B2000000FF0047FF0076761100FFFFFFFFFFFF000000007C7C00002CFF - 8EFFFFFFFFFFFFFF5E22ABACFF7B3A3AF6D2D3D3D4A9ABFFFFFF00F02D7AF0FFFECD284DFF00FF0000B800FF8989EDFF000100000000DCDC57572121FFFFD300
8EFFFFFFFFFFFFFF6D6D0000FFFF3A3AF6FF000000AAAAFFFFFF00F0F0F0F0FFFFA4FFFFFF00FFFF00FFFFFFFFFFFF000000FFFFFFFFDCDC57579D9DFFFFFFFF - -1040FFFFFFFFFFFFFF777751B384DDDD00FFFFFFFFFFFFFFFFFFFFFFFFFFFF25FF000000FF10100000FF2400FFFFFFFFFFFF008700000000 - 8EFFFFFFFFFFFFFF7DAE0000FFFF3A3AF6767751B42F88DD00FF00F0F0F0F0FFFFA4FFFFFF00FF2500000000FF100F0001002400FFFFDCDC57569E24FFFFFFFF
-8EFFFFFFFFFFFFFF6D6D0000FFFF3A3AF6FF000000AAAAFFFFFF00F0F0F0F0FFFFA4FFFFFF00FFFF00FFFFFFFFFFFF000000FFFFFFFFDCDC57579D9DFFFFFFFF - 31717171FFFFFFFFFFFFFFFFFFFFFF00009292920000BEBEBEFFFFFFFFFFFFFF6D00008C8C8C8CFFB300000A00D400010100000000006A6A - -8EFFFFFFFFFFFFFF9EDE7172FFFF3A3AF6FF000000AAAA0000919382F0F1AFBEBEA4FFFFFF00FFFE6E00008C8C8C8BFFB301000A00D3DCDD58579D9E00006A69
-8EFFFFFFFFFFFFFF6D6D0000FFFF3A3AF6FF000000AAAAFFFFFF00F0F0F0F0FFFFA4FFFFFF00FFFF00FFFFFFFFFFFF000000FFFFFFFFDCDC57579D9DFFFFFFFF - -7FFFFFFFFFFFFFFFFFFFFFFFFFFF0000007600000000000000ADADAD003131FF45D2D200000000FF4C4C4C4CFFFFFFFFFFFFFFA0A0A0A0EE - -8EFFFFFFFFFFFFFEED6D0000FFFF3A3AF6FF000000ABAAFFFF8900F0F0F0F0FFFEF75252FECFCDFFBB2D2DFFFFFFFE00B3B4B3B2FFFFDCDC57579DFD5F5F5F11
8EFFFFFFFFFFFFFF6D6D0000FFFF3A3AF6FF000000AAAAFFFFFF00F0F0F0F0FFFFA4FFFFFF00FFFF00FFFFFFFFFFFF000000FFFFFFFFDCDC57579D9DFFFFFFFF - CDCDCD757500004CB2B2B6B6000000FF001200FFFFFFFFFFE5E5E5FF7B0000000000001515151515A4A4A4A400D5D51C1C000000000000FF - 8EFFFFFFFFFFFFFE9F9F328B8AFF39EE444C494A00AAAA00FFECFFF0F0F0F10019BF1A008400FFFF00FFFFEAEAEAE9EA5B5C5B5BFF2A07C03B579D9DFFFFFF00
8EFFFFFFFFFFFFFF6D6D0000FFFF3A3AF6FF000000AAAAFFFFFF00F0F0F0F0FFFFA4FFFFFF00FFFF00FFFFFFFFFFFF000000FFFFFFFFDCDC57579D9DFFFFFFFF - -1FFFF8189898989DCDC00FFFFBF2929000049494949494900000000EB52525252DB009393BABABAFFFFFF9494949494FEFE00FFFEFFFFFFA0 - 8F000000000000016D6C818A8988C417D2FFFFFFBFD3D40000484A3A3A3A39FFFFA500EB51535251DC009393BABABA0000009494949471DB55589D9CFFFFFF9F
-8EFFFFFFFFFFFFFF6D6D0000FFFF3A3AF6FF000000AAAAFFFFFF00F0F0F0F0FFFFA4FFFFFF00FFFF00FFFFFFFFFFFF000000FFFFFFFFDCDC57579D9DFFFFFFFF - 2BAE1E1009581FFFF27272727270000D2D2D2D20000000077DEFFC0C0CBDEE7E70000003F3F0000EC8D8D8D000000FFFFFF0000EA8F8F8FA9 - -8F00000000000002284EE10195813A3A1E26272727AAABD2D2D1D2F0F0F0F177DEA4C0C0CADFE7E60100003F3EFFFFEC8D8E8D000000DCDC56579E888F8F8FA8
-8EFFFFFFFFFFFFFF6D6D0000FFFF3A3AF6FF000000AAAAFFFFFF00F0F0F0F0FFFFA4FFFFFF00FFFF00FFFFFFFFFFFF000000FFFFFFFFDCDC57579D9DFFFFFFFF - -6FFFF0000000000CEFF9D9D9D9D9D00000000FFFF6D6D6D6D6C1A000000D8D800FFFFFFFF00003C3CFFFF00FFFFFFFFFF000000894949FFFF - -8EFFFFFFFFFFFFF86D6E0000FFFF396BF7616262630DAAFFFFFE00F183838392938AFFFFFE2827FE01000000FFFFC2C30001FEFFFFFFDCDD57579D14B6B60000
8EFFFFFFFFFFFFFF6D6D0000FFFF3A3AF6FF000000AAAAFFFFFF00F0F0F0F0FFFFA4FFFFFF00FFFF00FFFFFFFFFFFF000000FFFFFFFFDCDC57579D9DFFFFFFFF - 80000FFFF0000007600000000E00000FFFFFFFFFFFFFFFF484848FF6A00FF00FFFFFFFFFFFFFFFFB8B8202020EE134900000000FFFFCFCFCF - 8EFFFFFFFFFFFFF76D6C0001FFFF39C4F6FEFFFF20AAA9FFFFFF00F0F0F0F1B7B75C0095FE01FEFF00FFFFFFFFFFFF4747E0DFDF11EC93DC57579C9E00303030
8EFFFFFFFFFFFFFF6D6D0000FFFF3A3AF6FF000000AAAAFFFFFF00F0F0F0F0FFFFA4FFFFFF00FFFF00FFFFFFFFFFFF000000FFFFFFFFDCDC57579D9DFFFFFFFF - -1131FF6A0000FFFFFFFF0000FF0000000000FFFFFFFFFFFFFFFFFF00000000EBEBEB0000FFFFA00000000043434300000000000000810000FF - 8F000000000000109F6C6A0100FF3A3AF5FF00FF00AAAB0000FF00F0F0F0F0FFFFA3FFFFFF01EBEAEC0000FFFF9FFF000001434342FFDCDC57579D9E810000FE
-8EFFFFFFFFFFFFFF6D6D0000FFFF3A3AF6FF000000AAAAFFFFFF00F0F0F0F0FFFFA4FFFFFF00FFFF00FFFFFFFFFFFF000000FFFFFFFFDCDC57579D9DFFFFFFFF - 32FFFFFFFFFFFFFF3C460FFFFFFFFFFFFF00FF000000000000000000EFEFEFEFEFFFFF00FFFFFFFFFFFFFFFFFFFFFFFF000000000000FFFFFF - -8F000000000000326D6D0000FFFF39773D0F000000AAAAFF00FE00F0F0F0F0FFFFA500EFEEF0EFEF00FF00FFFFFFFF000000FFFFFFFFDBDC57579D9E00FFFFFE
-8EFFFFFFFFFFFFFF6D6D0000FFFF3A3AF6FF000000AAAAFFFFFF00F0F0F0F0FFFFA4FFFFFF00FFFF00FFFFFFFFFFFF000000FFFFFFFFDCDC57579D9DFFFFFFFF - -67FF02024E1010101010FF000000007FFFFF0000000000BBBBBBBB00FFFF0FFFFFD800C0C094FFFFFFFFFFFFFF0000CACACACACA0000FFFFFF - -8EFFFFFFFFFFFF976E6AFDB2EFEF2A2AE600000000AA2B0000FF00F0F0F0354443E9FEFFFFF0FFFF28FF3F3F6AFFFF0000010000FFFF12118C8CD39DFF000000
8EFFFFFFFFFFFFFF6D6D0000FFFF3A3AF6FF000000AAAAFFFFFF00F0F0F0F0FFFFA4FFFFFF00FFFF00FFFFFFFFFFFF000000FFFFFFFFDCDC57579D9DFFFFFFFF - DE000000000000FFFFFFFFFF00000000000000000000000000000000000000FFFFFFFFFFFF00000000000003FF00FFFF9AFF4CC1C1C1C10000 - 8EFFFFFFFFFFFF216D6D0000FFFE3A3AF6FF010000AAAAFFFFFF00F0F0F0F0FFFFA4FFFFFEFFFFFF01000000FFFFFF000000FC00FEFFDD41580ADBDC3E3EFFFF
8EFFFFFFFFFFFFFF6D6D0000FFFF3A3AF6FF000000AAAAFFFFFF00F0F0F0F0FFFFA4FFFFFF00FFFF00FFFFFFFFFFFF000000FFFFFFFFDCDC57579D9DFFFFFFFF - -10B0D0DB20000F9E1E15555020017FF00000B0B0B0B0B1D1D1D1DFFFF62FF6E6E141414141414CCCCCCCC13FFFFFF0000000000000000000000 - 8F0000000000010A7A7AB20100F91C1C4C54020018A9AB000B0A0BFBFC0E0E1D1DA4FF62FE6F6E131514141414CCCBCCCC14FFFFFEFFDCDC57579D9DFFFFFFFF
-8EFFFFFFFFFFFFFF6D6D0000FFFF3A3AF6FF000000AAAAFFFFFF00F0F0F0F0FFFFA4FFFFFF00FFFF00FFFFFFFFFFFF000000FFFFFFFFDCDC57579D9DFFFFFFFF - 3E5000000000000000000000000000000000000FFFFFFFFFFFFFF00000000B0B0B0B00000FF0000FFFF000000FFFF30303000B9B9B98A8A0000 - -8F000000000003E46D6D0000FFFF3A3AF6FF000000AAAB00000000F0F0F0F0FFFEA4FFFFFFB1B0AFB10000FF0000FEFF000100FFFF300D0C581157578A89FFFF
-8EFFFFFFFFFFFFFF6D6D0000FFFF3A3AF6FF000000AAAAFFFFFF00F0F0F0F0FFFFA4FFFFFF00FFFF00FFFFFFFFFFFF000000FFFFFFFFDCDC57579D9DFFFFFFFF - -4FF000000C07B7BFFFFFF5D5D00FFFFFFC1000000A9A9FFFFFFFF000000EAB1B1B1B15050FFFFFFFFFF54FFDFDFDFFFFFFF050500E4E4E45858 - -8EFFFFFFFFFFFB006D6CFF4084833A3AF7A1A2FF00AAAB3EFFFF004746F0F10000A4FFFF144F4E4D4FAFAEFFFFFFFF00AB0120201FFFDCDD52529CB91B1BA7A7
8EFFFFFFFFFFFFFF6D6D0000FFFF3A3AF6FF000000AAAAFFFFFF00F0F0F0F0FFFFA4FFFFFF00FFFF00FFFFFFFFFFFF000000FFFFFFFFDCDC57579D9DFFFFFFFF - 890F6A9A9A900000000000000000000000A1C1CFF000000D58AD03C007500001A1A1A1A1AFF9DF7000000D8D803FFFFFFFFFFFFFFFFFF00FFFF - 8EFFFFFFFFFFF76E76C35657FFFF3A3AF6FF000000AAAAF5E3E201F0F0F01B752F68FF8AFF00E5E4E6E5E5006208FEFFFF2827FBFFFFDCDC57579D9E00FF0000
8EFFFFFFFFFFFFFF6D6D0000FFFF3A3AF6FF000000AAAAFFFFFF00F0F0F0F0FFFFA4FFFFFF00FFFF00FFFFFFFFFFFF000000FFFFFFFFDCDC57579D9DFFFFFFFF - -1FFFFFFFFFFFFF3A51515100FF0000FFFFFFFFFF3A3A3A3A3A3A3A3A3A3A3AFFFF55FF0000D9D900000000000000000000000000002222001E1E - 8F00000000001FFF6D6D0000FF398B8C47FFFF0001AAAAFFFFFE3B2B2B2B2B3A39DF3A3A3A00FF55000000D9D8FFFF000000FFFFFFFFDCDC57579DC022001E1D
[...]
/home/lancelot/git/nginx/third-lib/libressl-2.3.1/tests/testenc.sh: 49: /home/lancelot/git/nginx/third-lib/libressl-2.3.1/tests/testenc.sh: ../apps/openssl/openssl: not found
cast5-cfb base64
/home/lancelot/git/nginx/third-lib/libressl-2.3.1/tests/testenc.sh: 59: /home/lancelot/git/nginx/third-lib/libressl-2.3.1/tests/testenc.sh: ../apps/openssl/openssl: not found
/home/lancelot/git/nginx/third-lib/libressl-2.3.1/tests/testenc.sh: 60: /home/lancelot/git/nginx/third-lib/libressl-2.3.1/tests/testenc.sh: ../apps/openssl/openssl: not found
cast5-ecb
/home/lancelot/git/nginx/third-lib/libressl-2.3.1/tests/testenc.sh: 48: /home/lancelot/git/nginx/third-lib/libressl-2.3.1/tests/testenc.sh: ../apps/openssl/openssl: not found
/home/lancelot/git/nginx/third-lib/libressl-2.3.1/tests/testenc.sh: 49: /home/lancelot/git/nginx/third-lib/libressl-2.3.1/tests/testenc.sh: ../apps/openssl/openssl: not found
cast5-ecb base64
/home/lancelot/git/nginx/third-lib/libressl-2.3.1/tests/testenc.sh: 59: /home/lancelot/git/nginx/third-lib/libressl-2.3.1/tests/testenc.sh: ../apps/openssl/openssl: not found
/home/lancelot/git/nginx/third-lib/libressl-2.3.1/tests/testenc.sh: 60: /home/lancelot/git/nginx/third-lib/libressl-2.3.1/tests/testenc.sh: ../apps/openssl/openssl: not found
cast5-ofb
/home/lancelot/git/nginx/third-lib/libressl-2.3.1/tests/testenc.sh: 48: /home/lancelot/git/nginx/third-lib/libressl-2.3.1/tests/testenc.sh: ../apps/openssl/openssl: not found
/home/lancelot/git/nginx/third-lib/libressl-2.3.1/tests/testenc.sh: 49: /home/lancelot/git/nginx/third-lib/libressl-2.3.1/tests/testenc.sh: ../apps/openssl/openssl: not found
cast5-ofb base64
/home/lancelot/git/nginx/third-lib/libressl-2.3.1/tests/testenc.sh: 59: /home/lancelot/git/nginx/third-lib/libressl-2.3.1/tests/testenc.sh: ../apps/openssl/openssl: not found
/home/lancelot/git/nginx/third-lib/libressl-2.3.1/tests/testenc.sh: 60: /home/lancelot/git/nginx/third-lib/libressl-2.3.1/tests/testenc.sh: ../apps/openssl/openssl: not found
des-cbc
/home/lancelot/git/nginx/third-lib/libressl-2.3.1/tests/testenc.sh: 48: /home/lancelot/git/nginx/third-lib/libressl-2.3.1/tests/testenc.sh: ../apps/openssl/openssl: not found
/home/lancelot/git/nginx/third-lib/libressl-2.3.1/tests/testenc.sh: 49: /home/lancelot/git/nginx/third-lib/libressl-2.3.1/tests/testenc.sh: ../apps/openssl/openssl: not found
des-cbc base64
/home/lancelot/git/nginx/third-lib/libressl-2.3.1/tests/testenc.sh: 59: /home/lancelot/git/nginx/third-lib/libressl-2.3.1/tests/testenc.sh: ../apps/openssl/openssl: not found
/home/lancelot/git/nginx/third-lib/libressl-2.3.1/tests/testenc.sh: 60: /home/lancelot/git/nginx/third-lib/libressl-2.3.1/tests/testenc.sh: ../apps/openssl/openssl: not found
des-cfb
/home/lancelot/git/nginx/third-lib/libressl-2.3.1/tests/testenc.sh: 48: /home/lancelot/git/nginx/third-lib/libressl-2.3.1/tests/testenc.sh: ../apps/openssl/openssl: not found
/home/lancelot/git/nginx/third-lib/libressl-2.3.1/tests/testenc.sh: 49: /home/lancelot/git/nginx/third-lib/libressl-2.3.1/tests/testenc.sh: ../apps/openssl/openssl: not found
des-cfb base64
/home/lancelot/git/nginx/third-lib/libressl-2.3.1/tests/testenc.sh: 59: /home/lancelot/git/nginx/third-lib/libressl-2.3.1/tests/testenc.sh: ../apps/openssl/openssl: not found
/home/lancelot/git/nginx/third-lib/libressl-2.3.1/tests/testenc.sh: 60: /home/lancelot/git/nginx/third-lib/libressl-2.3.1/tests/testenc.sh: ../apps/openssl/openssl: not found
des-cfb8
/home/lancelot/git/nginx/third-lib/libressl-2.3.1/tests/testenc.sh: 48: /home/lancelot/git/nginx/third-lib/libressl-2.3.1/tests/testenc.sh: ../apps/openssl/openssl: not found
/home/lancelot/git/nginx/third-lib/libressl-2.3.1/tests/testenc.sh: 49: /home/lancelot/git/nginx/third-lib/libressl-2.3.1/tests/testenc.sh: ../apps/openssl/openssl: not found
des-cfb8 base64
/home/lancelot/git/nginx/third-lib/libressl-2.3.1/tests/testenc.sh: 59: /home/lancelot/git/nginx/third-lib/libressl-2.3.1/tests/testenc.sh: ../apps/openssl/openssl: not found
/home/lancelot/git/nginx/third-lib/libressl-2.3.1/tests/testenc.sh: 60: /home/lancelot/git/nginx/third-lib/libressl-2.3.1/tests/testenc.sh: ../apps/openssl/openssl: not found
des-ecb
/home/lancelot/git/nginx/third-lib/libressl-2.3.1/tests/testenc.sh: 48: /home/lancelot/git/nginx/third-lib/libressl-2.3.1/tests/testenc.sh: ../apps/openssl/openssl: not found
/home/lancelot/git/nginx/third-lib/libressl-2.3.1/tests/testenc.sh: 49: /home/lancelot/git/nginx/third-lib/libressl-2.3.1/tests/testenc.sh: ../apps/openssl/openssl: not found
des-ecb base64
/home/lancelot/git/nginx/third-lib/libressl-2.3.1/tests/testenc.sh: 59: /home/lancelot/git/nginx/third-lib/libressl-2.3.1/tests/testenc.sh: ../apps/openssl/openssl: not found
/home/lancelot/git/nginx/third-lib/libressl-2.3.1/tests/testenc.sh: 60: /home/lancelot/git/nginx/third-lib/libressl-2.3.1/tests/testenc.sh: ../apps/openssl/openssl: not found
des-ede
/home/lancelot/git/nginx/third-lib/libressl-2.3.1/tests/testenc.sh: 48: /home/lancelot/git/nginx/third-lib/libressl-2.3.1/tests/testenc.sh: ../apps/openssl/openssl: not found
/home/lancelot/git/nginx/third-lib/libressl-2.3.1/tests/testenc.sh: 49: /home/lancelot/git/nginx/third-lib/libressl-2.3.1/tests/testenc.sh: ../apps/openssl/openssl: not found
des-ede base64
/home/lancelot/git/nginx/third-lib/libressl-2.3.1/tests/testenc.sh: 59: /home/lancelot/git/nginx/third-lib/libressl-2.3.1/tests/testenc.sh: ../apps/openssl/openssl: not found
/home/lancelot/git/nginx/third-lib/libressl-2.3.1/tests/testenc.sh: 60: /home/lancelot/git/nginx/third-lib/libressl-2.3.1/tests/testenc.sh: ../apps/openssl/openssl: not found
des-ede-cbc
/home/lancelot/git/nginx/third-lib/libressl-2.3.1/tests/testenc.sh: 48: /home/lancelot/git/nginx/third-lib/libressl-2.3.1/tests/testenc.sh: ../apps/openssl/openssl: not found
/home/lancelot/git/nginx/third-lib/libressl-2.3.1/tests/testenc.sh: 49: /home/lancelot/git/nginx/third-lib/libressl-2.3.1/tests/testenc.sh: ../apps/openssl/openssl: not found
des-ede-cbc base64
/home/lancelot/git/nginx/third-lib/libressl-2.3.1/tests/testenc.sh: 59: /home/lancelot/git/nginx/third-lib/libressl-2.3.1/tests/testenc.sh: ../apps/openssl/openssl: not found
/home/lancelot/git/nginx/third-lib/libressl-2.3.1/tests/testenc.sh: 60: /home/lancelot/git/nginx/third-lib/libressl-2.3.1/tests/testenc.sh: ../apps/openssl/openssl: not found
des-ede-cfb
/home/lancelot/git/nginx/third-lib/libressl-2.3.1/tests/testenc.sh: 48: /home/lancelot/git/nginx/third-lib/libressl-2.3.1/tests/testenc.sh: ../apps/openssl/openssl: not found
/home/lancelot/git/nginx/third-lib/libressl-2.3.1/tests/testenc.sh: 49: /home/lancelot/git/nginx/third-lib/libressl-2.3.1/tests/testenc.sh: ../apps/openssl/openssl: not found
des-ede-cfb base64
/home/lancelot/git/nginx/third-lib/libressl-2.3.1/tests/testenc.sh: 59: /home/lancelot/git/nginx/third-lib/libressl-2.3.1/tests/testenc.sh: ../apps/openssl/openssl: not found
/home/lancelot/git/nginx/third-lib/libressl-2.3.1/tests/testenc.sh: 60: /home/lancelot/git/nginx/third-lib/libressl-2.3.1/tests/testenc.sh: ../apps/openssl/openssl: not found
des-ede-ofb
/home/lancelot/git/nginx/third-lib/libressl-2.3.1/tests/testenc.sh: 48: /home/lancelot/git/nginx/third-lib/libressl-2.3.1/tests/testenc.sh: ../apps/openssl/openssl: not found
/home/lancelot/git/nginx/third-lib/libressl-2.3.1/tests/testenc.sh: 49: /home/lancelot/git/nginx/third-lib/libressl-2.3.1/tests/testenc.sh: ../apps/openssl/openssl: not found
des-ede-ofb base64
/home/lancelot/git/nginx/third-lib/libressl-2.3.1/tests/testenc.sh: 59: /home/lancelot/git/nginx/third-lib/libressl-2.3.1/tests/testenc.sh: ../apps/openssl/openssl: not found
/home/lancelot/git/nginx/third-lib/libressl-2.3.1/tests/testenc.sh: 60: /home/lancelot/git/nginx/third-lib/libressl-2.3.1/tests/testenc.sh: ../apps/openssl/openssl: not found
des-ede3
/home/lancelot/git/nginx/third-lib/libressl-2.3.1/tests/testenc.sh: 48: /home/lancelot/git/nginx/third-lib/libressl-2.3.1/tests/testenc.sh: ../apps/openssl/openssl: not found
/home/lancelot/git/nginx/third-lib/libressl-2.3.1/tests/testenc.sh: 49: /home/lancelot/git/nginx/third-lib/libressl-2.3.1/tests/testenc.sh: ../apps/openssl/openssl: not found
des-ede3 base64
/home/lancelot/git/nginx/third-lib/libressl-2.3.1/tests/testenc.sh: 59: /home/lancelot/git/nginx/third-lib/libressl-2.3.1/tests/testenc.sh: ../apps/openssl/openssl: not found
/home/lancelot/git/nginx/third-lib/libressl-2.3.1/tests/testenc.sh: 60: /home/lancelot/git/nginx/third-lib/libressl-2.3.1/tests/testenc.sh: ../apps/openssl/openssl: not found
des-ede3-cbc
/home/lancelot/git/nginx/third-lib/libressl-2.3.1/tests/testenc.sh: 48: /home/lancelot/git/nginx/third-lib/libressl-2.3.1/tests/testenc.sh: ../apps/openssl/openssl: not found
/home/lancelot/git/nginx/third-lib/libressl-2.3.1/tests/testenc.sh: 49: /home/lancelot/git/nginx/third-lib/libressl-2.3.1/tests/testenc.sh: ../apps/openssl/openssl: not found
des-ede3-cbc base64
/home/lancelot/git/nginx/third-lib/libressl-2.3.1/tests/testenc.sh: 59: /home/lancelot/git/nginx/third-lib/libressl-2.3.1/tests/testenc.sh: ../apps/openssl/openssl: not found
/home/lancelot/git/nginx/third-lib/libressl-2.3.1/tests/testenc.sh: 60: /home/lancelot/git/nginx/third-lib/libressl-2.3.1/tests/testenc.sh: ../apps/openssl/openssl: not found
des-ede3-cfb
/home/lancelot/git/nginx/third-lib/libressl-2.3.1/tests/testenc.sh: 48: /home/lancelot/git/nginx/third-lib/libressl-2.3.1/tests/testenc.sh: ../apps/openssl/openssl: not found
/home/lancelot/git/nginx/third-lib/libressl-2.3.1/tests/testenc.sh: 49: /home/lancelot/git/nginx/third-lib/libressl-2.3.1/tests/testenc.sh: ../apps/openssl/openssl: not found
des-ede3-cfb base64
/home/lancelot/git/nginx/third-lib/libressl-2.3.1/tests/testenc.sh: 59: /home/lancelot/git/nginx/third-lib/libressl-2.3.1/tests/testenc.sh: ../apps/openssl/openssl: not found
/home/lancelot/git/nginx/third-lib/libressl-2.3.1/tests/testenc.sh: 60: /home/lancelot/git/nginx/third-lib/libressl-2.3.1/tests/testenc.sh: ../apps/openssl/openssl: not found
des-ede3-ofb
/home/lancelot/git/nginx/third-lib/libressl-2.3.1/tests/testenc.sh: 48: /home/lancelot/git/nginx/third-lib/libressl-2.3.1/tests/testenc.sh: ../apps/openssl/openssl: not found
/home/lancelot/git/nginx/third-lib/libressl-2.3.1/tests/testenc.sh: 49: /home/lancelot/git/nginx/third-lib/libressl-2.3.1/tests/testenc.sh: ../apps/openssl/openssl: not found
des-ede3-ofb base64
/home/lancelot/git/nginx/third-lib/libressl-2.3.1/tests/testenc.sh: 59: /home/lancelot/git/nginx/third-lib/libressl-2.3.1/tests/testenc.sh: ../apps/openssl/openssl: not found
/home/lancelot/git/nginx/third-lib/libressl-2.3.1/tests/testenc.sh: 60: /home/lancelot/git/nginx/third-lib/libressl-2.3.1/tests/testenc.sh: ../apps/openssl/openssl: not found
des-ofb
/home/lancelot/git/nginx/third-lib/libressl-2.3.1/tests/testenc.sh: 48: /home/lancelot/git/nginx/third-lib/libressl-2.3.1/tests/testenc.sh: ../apps/openssl/openssl: not found
/home/lancelot/git/nginx/third-lib/libressl-2.3.1/tests/testenc.sh: 49: /home/lancelot/git/nginx/third-lib/libressl-2.3.1/tests/testenc.sh: ../apps/openssl/openssl: not found
des-ofb base64
/home/lancelot/git/nginx/third-lib/libressl-2.3.1/tests/testenc.sh: 59: /home/lancelot/git/nginx/third-lib/libressl-2.3.1/tests/testenc.sh: ../apps/openssl/openssl: not found
/home/lancelot/git/nginx/third-lib/libressl-2.3.1/tests/testenc.sh: 60: /home/lancelot/git/nginx/third-lib/libressl-2.3.1/tests/testenc.sh: ../apps/openssl/openssl: not found
desx-cbc
/home/lancelot/git/nginx/third-lib/libressl-2.3.1/tests/testenc.sh: 48: /home/lancelot/git/nginx/third-lib/libressl-2.3.1/tests/testenc.sh: ../apps/openssl/openssl: not found
/home/lancelot/git/nginx/third-lib/libressl-2.3.1/tests/testenc.sh: 49: /home/lancelot/git/nginx/third-lib/libressl-2.3.1/tests/testenc.sh: ../apps/openssl/openssl: not found
desx-cbc base64
/home/lancelot/git/nginx/third-lib/libressl-2.3.1/tests/testenc.sh: 59: /home/lancelot/git/nginx/third-lib/libressl-2.3.1/tests/testenc.sh: ../apps/openssl/openssl: not found
/home/lancelot/git/nginx/third-lib/libressl-2.3.1/tests/testenc.sh: 60: /home/lancelot/git/nginx/third-lib/libressl-2.3.1/tests/testenc.sh: ../apps/openssl/openssl: not found
rc2-40-cbc
/home/lancelot/git/nginx/third-lib/libressl-2.3.1/tests/testenc.sh: 48: /home/lancelot/git/nginx/third-lib/libressl-2.3.1/tests/testenc.sh: ../apps/openssl/openssl: not found
/home/lancelot/git/nginx/third-lib/libressl-2.3.1/tests/testenc.sh: 49: /home/lancelot/git/nginx/third-lib/libressl-2.3.1/tests/testenc.sh: ../apps/openssl/openssl: not found
rc2-40-cbc base64
/home/lancelot/git/nginx/third-lib/libressl-2.3.1/tests/testenc.sh: 59: /home/lancelot/git/nginx/third-lib/libressl-2.3.1/tests/testenc.sh: ../apps/openssl/openssl: not found
/home/lancelot/git/nginx/third-lib/libressl-2.3.1/tests/testenc.sh: 60: /home/lancelot/git/nginx/third-lib/libressl-2.3.1/tests/testenc.sh: ../apps/openssl/openssl: not found
rc2-64-cbc
/home/lancelot/git/nginx/third-lib/libressl-2.3.1/tests/testenc.sh: 48: /home/lancelot/git/nginx/third-lib/libressl-2.3.1/tests/testenc.sh: ../apps/openssl/openssl: not found
/home/lancelot/git/nginx/third-lib/libressl-2.3.1/tests/testenc.sh: 49: /home/lancelot/git/nginx/third-lib/libressl-2.3.1/tests/testenc.sh: ../apps/openssl/openssl: not found
rc2-64-cbc base64
/home/lancelot/git/nginx/third-lib/libressl-2.3.1/tests/testenc.sh: 59: /home/lancelot/git/nginx/third-lib/libressl-2.3.1/tests/testenc.sh: ../apps/openssl/openssl: not found
/home/lancelot/git/nginx/third-lib/libressl-2.3.1/tests/testenc.sh: 60: /home/lancelot/git/nginx/third-lib/libressl-2.3.1/tests/testenc.sh: ../apps/openssl/openssl: not found
rc2-cbc
/home/lancelot/git/nginx/third-lib/libressl-2.3.1/tests/testenc.sh: 48: /home/lancelot/git/nginx/third-lib/libressl-2.3.1/tests/testenc.sh: ../apps/openssl/openssl: not found
/home/lancelot/git/nginx/third-lib/libressl-2.3.1/tests/testenc.sh: 49: /home/lancelot/git/nginx/third-lib/libressl-2.3.1/tests/testenc.sh: ../apps/openssl/openssl: not found
rc2-cbc base64
/home/lancelot/git/nginx/third-lib/libressl-2.3.1/tests/testenc.sh: 59: /home/lancelot/git/nginx/third-lib/libressl-2.3.1/tests/testenc.sh: ../apps/openssl/openssl: not found
/home/lancelot/git/nginx/third-lib/libressl-2.3.1/tests/testenc.sh: 60: /home/lancelot/git/nginx/third-lib/libressl-2.3.1/tests/testenc.sh: ../apps/openssl/openssl: not found
rc2-cfb
/home/lancelot/git/nginx/third-lib/libressl-2.3.1/tests/testenc.sh: 48: /home/lancelot/git/nginx/third-lib/libressl-2.3.1/tests/testenc.sh: ../apps/openssl/openssl: not found
/home/lancelot/git/nginx/third-lib/libressl-2.3.1/tests/testenc.sh: 49: /home/lancelot/git/nginx/third-lib/libressl-2.3.1/tests/testenc.sh: ../apps/openssl/openssl: not found
rc2-cfb base64
/home/lancelot/git/nginx/third-lib/libressl-2.3.1/tests/testenc.sh: 59: /home/lancelot/git/nginx/third-lib/libressl-2.3.1/tests/testenc.sh: ../apps/openssl/openssl: not found
/home/lancelot/git/nginx/third-lib/libressl-2.3.1/tests/testenc.sh: 60: /home/lancelot/git/nginx/third-lib/libressl-2.3.1/tests/testenc.sh: ../apps/openssl/openssl: not found
rc2-ecb
/home/lancelot/git/nginx/third-lib/libressl-2.3.1/tests/testenc.sh: 48: /home/lancelot/git/nginx/third-lib/libressl-2.3.1/tests/testenc.sh: ../apps/openssl/openssl: not found
/home/lancelot/git/nginx/third-lib/libressl-2.3.1/tests/testenc.sh: 49: /home/lancelot/git/nginx/third-lib/libressl-2.3.1/tests/testenc.sh: ../apps/openssl/openssl: not found
rc2-ecb base64
/home/lancelot/git/nginx/third-lib/libressl-2.3.1/tests/testenc.sh: 59: /home/lancelot/git/nginx/third-lib/libressl-2.3.1/tests/testenc.sh: ../apps/openssl/openssl: not found
/home/lancelot/git/nginx/third-lib/libressl-2.3.1/tests/testenc.sh: 60: /home/lancelot/git/nginx/third-lib/libressl-2.3.1/tests/testenc.sh: ../apps/openssl/openssl: not found
rc2-ofb
/home/lancelot/git/nginx/third-lib/libressl-2.3.1/tests/testenc.sh: 48: /home/lancelot/git/nginx/third-lib/libressl-2.3.1/tests/testenc.sh: ../apps/openssl/openssl: not found
/home/lancelot/git/nginx/third-lib/libressl-2.3.1/tests/testenc.sh: 49: /home/lancelot/git/nginx/third-lib/libressl-2.3.1/tests/testenc.sh: ../apps/openssl/openssl: not found
rc2-ofb base64
/home/lancelot/git/nginx/third-lib/libressl-2.3.1/tests/testenc.sh: 59: /home/lancelot/git/nginx/third-lib/libressl-2.3.1/tests/testenc.sh: ../apps/openssl/openssl: not found
/home/lancelot/git/nginx/third-lib/libressl-2.3.1/tests/testenc.sh: 60: /home/lancelot/git/nginx/third-lib/libressl-2.3.1/tests/testenc.sh: ../apps/openssl/openssl: not found
rc4
/home/lancelot/git/nginx/third-lib/libressl-2.3.1/tests/testenc.sh: 48: /home/lancelot/git/nginx/third-lib/libressl-2.3.1/tests/testenc.sh: ../apps/openssl/openssl: not found
/home/lancelot/git/nginx/third-lib/libressl-2.3.1/tests/testenc.sh: 49: /home/lancelot/git/nginx/third-lib/libressl-2.3.1/tests/testenc.sh: ../apps/openssl/openssl: not found
rc4 base64
/home/lancelot/git/nginx/third-lib/libressl-2.3.1/tests/testenc.sh: 59: /home/lancelot/git/nginx/third-lib/libressl-2.3.1/tests/testenc.sh: ../apps/openssl/openssl: not found
/home/lancelot/git/nginx/third-lib/libressl-2.3.1/tests/testenc.sh: 60: /home/lancelot/git/nginx/third-lib/libressl-2.3.1/tests/testenc.sh: ../apps/openssl/openssl: not found
rc4-40
/home/lancelot/git/nginx/third-lib/libressl-2.3.1/tests/testenc.sh: 48: /home/lancelot/git/nginx/third-lib/libressl-2.3.1/tests/testenc.sh: ../apps/openssl/openssl: not found
/home/lancelot/git/nginx/third-lib/libressl-2.3.1/tests/testenc.sh: 49: /home/lancelot/git/nginx/third-lib/libressl-2.3.1/tests/testenc.sh: ../apps/openssl/openssl: not found
rc4-40 base64
/home/lancelot/git/nginx/third-lib/libressl-2.3.1/tests/testenc.sh: 59: /home/lancelot/git/nginx/third-lib/libressl-2.3.1/tests/testenc.sh: ../apps/openssl/openssl: not found
/home/lancelot/git/nginx/third-lib/libressl-2.3.1/tests/testenc.sh: 60: /home/lancelot/git/nginx/third-lib/libressl-2.3.1/tests/testenc.sh: ../apps/openssl/openssl: not found
<end of output>
Test time =   0.24 sec
----------------------------------------------------------
Test Passed.
"testenc" end time: Oct 10 12:12 CST
"testenc" time elapsed: 00:00:00
----------------------------------------------------------

45/47 Testing: timingsafe
45/47 Test: timingsafe
Command: "/home/lancelot/git/nginx/third-lib/libressl-2.3.1/build/tests/timingsafe"
Directory: /home/lancelot/git/nginx/third-lib/libressl-2.3.1/build/tests
"timingsafe" start time: Oct 10 12:12 CST
Output:
----------------------------------------------------------
<end of output>
Test time =   0.04 sec
----------------------------------------------------------
Test Passed.
"timingsafe" end time: Oct 10 12:12 CST
"timingsafe" time elapsed: 00:00:00
----------------------------------------------------------

46/47 Testing: utf8test
46/47 Test: utf8test
Command: "/home/lancelot/git/nginx/third-lib/libressl-2.3.1/build/tests/utf8test"
Directory: /home/lancelot/git/nginx/third-lib/libressl-2.3.1/build/tests
"utf8test" start time: Oct 10 12:12 CST
Output:
----------------------------------------------------------
<end of output>
Test time =   1.42 sec
----------------------------------------------------------
Test Passed.
"utf8test" end time: Oct 10 12:12 CST
"utf8test" time elapsed: 00:00:01
----------------------------------------------------------

47/47 Testing: verifytest
47/47 Test: verifytest
Command: "/home/lancelot/git/nginx/third-lib/libressl-2.3.1/build/tests/verifytest"
Directory: /home/lancelot/git/nginx/third-lib/libressl-2.3.1/build/tests
"verifytest" start time: Oct 10 12:12 CST
Output:
----------------------------------------------------------
<end of output>
Test time =   0.00 sec
----------------------------------------------------------
Test Passed.
"verifytest" end time: Oct 10 12:12 CST
"verifytest" time elapsed: 00:00:00
----------------------------------------------------------

End testing: Oct 10 12:12 CST
